<?xml version="1.0" encoding="UTF-8"?>
<TestRun id="f0b9aa9d-b3ee-4f64-a2f9-ee2e93f6bd38" name="Diego@DIEGO-PC 2012-11-19 01:06:02" runUser="Diego-PC\Diego" xmlns="http://microsoft.com/schemas/VisualStudio/TeamTest/2010">
  <TestSettings name="Local" id="ef2db5f0-3f45-4aad-a578-8bde204c9147">
    <Description>These are default test settings for a local test run.</Description>
    <Deployment enabled="false" runDeploymentRoot="Diego_DIEGO-PC 2012-11-19 01_06_02">
      <DeploymentItem filename="C:\Users\Diego\Documents\Visual Studio 2010\Projects\Uniprof\Dominio\bin\Release\Dominio.dll" />
      <DeploymentItem filename="C:\Users\Diego\Documents\Visual Studio 2010\Projects\Uniprof\Negocio\bin\Release\Negocio.dll" />
      <DeploymentItem filename="C:\Users\Diego\Documents\Visual Studio 2010\Projects\Uniprof\Repositorio\bin\Release\Repositorio.dll" />
      <DeploymentItem filename="C:\Users\Diego\Documents\Visual Studio 2010\Projects\Uniprof\Seguridad\bin\Release\Seguridad.dll" />
    </Deployment>
    <Execution>
      <TestTypeSpecific />
      <AgentRule name="Execution Agents">
      </AgentRule>
    </Execution>
  </TestSettings>
  <Times creation="2012-11-19T01:06:02.8460754-03:00" queuing="2012-11-19T01:06:03.4791116-03:00" start="2012-11-19T01:06:03.6881236-03:00" finish="2012-11-19T01:06:25.3853646-03:00" />
  <ResultSummary outcome="Failed">
    <Counters total="407" executed="27" error="0" failed="2" timeout="0" aborted="1" inconclusive="0" passedButRunAborted="24" notRunnable="0" notExecuted="380" disconnected="0" warning="0" passed="0" completed="0" inProgress="0" pending="0" />
  </ResultSummary>
  <TestDefinitions>
    <UnitTest name="grabarMovimientoTest" storage="c:\users\diego\documents\visual studio 2010\projects\uniprof\tests\bin\release\tests.dll" id="896a2208-4c38-b781-3b7e-b236d6d81cd2">
      <Execution id="5e5d2d9f-2000-489e-a248-b622d1cb617e" />
      <TestMethod codeBase="C:/Users/Diego/Documents/Visual Studio 2010/Projects/Uniprof/Tests/bin/Release/Tests.DLL" adapterTypeName="Microsoft.VisualStudio.TestTools.TestTypes.Unit.UnitTestAdapter, Microsoft.VisualStudio.QualityTools.Tips.UnitTest.Adapter, Version=10.0.0.0, Culture=neutral, PublicKeyToken=b03f5f7f11d50a3a" className="Tests.MovimientoProveedorBusinessTest, Tests, Version=1.0.0.0, Culture=neutral, PublicKeyToken=null" name="grabarMovimientoTest" />
    </UnitTest>
    <UnitTest name="actualizarUsuarioTest" storage="c:\users\diego\documents\visual studio 2010\projects\uniprof\tests\bin\release\tests.dll" id="0bbd7a33-36a4-99a4-2cd0-83fd451fea26">
      <Execution id="d8874cfa-bf3a-4608-9517-06662cd6d5d5" />
      <TestMethod codeBase="C:/Users/Diego/Documents/Visual Studio 2010/Projects/Uniprof/Tests/bin/Release/Tests.DLL" adapterTypeName="Microsoft.VisualStudio.TestTools.TestTypes.Unit.UnitTestAdapter, Microsoft.VisualStudio.QualityTools.Tips.UnitTest.Adapter, Version=10.0.0.0, Culture=neutral, PublicKeyToken=b03f5f7f11d50a3a" className="Tests.UsuarioRepositorioTest, Tests, Version=1.0.0.0, Culture=neutral, PublicKeyToken=null" name="actualizarUsuarioTest" />
    </UnitTest>
    <UnitTest name="cargarNewsletterTest" storage="c:\users\diego\documents\visual studio 2010\projects\uniprof\tests\bin\release\tests.dll" id="f376c1cb-6c7e-6565-2dae-0872021038a2">
      <Execution id="2504161e-bd98-4fd5-be66-66cb5ecf472e" />
      <TestMethod codeBase="C:/Users/Diego/Documents/Visual Studio 2010/Projects/Uniprof/Tests/bin/Release/Tests.DLL" adapterTypeName="Microsoft.VisualStudio.TestTools.TestTypes.Unit.UnitTestAdapter, Microsoft.VisualStudio.QualityTools.Tips.UnitTest.Adapter, Version=10.0.0.0, Culture=neutral, PublicKeyToken=b03f5f7f11d50a3a" className="Tests.NewsletterTDGTest, Tests, Version=1.0.0.0, Culture=neutral, PublicKeyToken=null" name="cargarNewsletterTest" />
    </UnitTest>
    <UnitTest name="modificarFacturasTest" storage="c:\users\diego\documents\visual studio 2010\projects\uniprof\tests\bin\release\tests.dll" id="7eda418a-e258-a33c-7890-73630dd7266c">
      <Execution id="43f5819b-da25-44d7-abd5-ca205488cb2c" />
      <TestMethod codeBase="C:/Users/Diego/Documents/Visual Studio 2010/Projects/Uniprof/Tests/bin/Release/Tests.DLL" adapterTypeName="Microsoft.VisualStudio.TestTools.TestTypes.Unit.UnitTestAdapter, Microsoft.VisualStudio.QualityTools.Tips.UnitTest.Adapter, Version=10.0.0.0, Culture=neutral, PublicKeyToken=b03f5f7f11d50a3a" className="Tests.OrdenDeCompraTDGTest, Tests, Version=1.0.0.0, Culture=neutral, PublicKeyToken=null" name="modificarFacturasTest" />
    </UnitTest>
    <UnitTest name="cargarMensajePorUsuariosTest" storage="c:\users\diego\documents\visual studio 2010\projects\uniprof\tests\bin\release\tests.dll" id="2dd0d705-2d7c-e989-e9d2-1892c8b66262">
      <Execution id="b742d4c0-f2d6-4240-8360-8ecf001509f0" />
      <TestMethod codeBase="C:/Users/Diego/Documents/Visual Studio 2010/Projects/Uniprof/Tests/bin/Release/Tests.DLL" adapterTypeName="Microsoft.VisualStudio.TestTools.TestTypes.Unit.UnitTestAdapter, Microsoft.VisualStudio.QualityTools.Tips.UnitTest.Adapter, Version=10.0.0.0, Culture=neutral, PublicKeyToken=b03f5f7f11d50a3a" className="Tests.ConversacionTDGTest, Tests, Version=1.0.0.0, Culture=neutral, PublicKeyToken=null" name="cargarMensajePorUsuariosTest" />
    </UnitTest>
    <UnitTest name="modificarProduccionTest" storage="c:\users\diego\documents\visual studio 2010\projects\uniprof\tests\bin\release\tests.dll" id="bf3337bc-4ebe-14d7-ffa9-91df711ba6a0">
      <Execution id="1cd3b223-74d4-463f-b1bd-08f2e1010537" />
      <TestMethod codeBase="C:/Users/Diego/Documents/Visual Studio 2010/Projects/Uniprof/Tests/bin/Release/Tests.DLL" adapterTypeName="Microsoft.VisualStudio.TestTools.TestTypes.Unit.UnitTestAdapter, Microsoft.VisualStudio.QualityTools.Tips.UnitTest.Adapter, Version=10.0.0.0, Culture=neutral, PublicKeyToken=b03f5f7f11d50a3a" className="Tests.ProduccionTDGTest, Tests, Version=1.0.0.0, Culture=neutral, PublicKeyToken=null" name="modificarProduccionTest" />
    </UnitTest>
    <UnitTest name="listarNewsletterTest" storage="c:\users\diego\documents\visual studio 2010\projects\uniprof\tests\bin\release\tests.dll" id="b6d2504c-fd0b-46f0-ca34-952aa534d5bc">
      <Execution id="40a16adb-44a4-4148-bf10-808589c8e5ce" />
      <TestMethod codeBase="C:/Users/Diego/Documents/Visual Studio 2010/Projects/Uniprof/Tests/bin/Release/Tests.DLL" adapterTypeName="Microsoft.VisualStudio.TestTools.TestTypes.Unit.UnitTestAdapter, Microsoft.VisualStudio.QualityTools.Tips.UnitTest.Adapter, Version=10.0.0.0, Culture=neutral, PublicKeyToken=b03f5f7f11d50a3a" className="Tests.NewsletterRepositorioTest, Tests, Version=1.0.0.0, Culture=neutral, PublicKeyToken=null" name="listarNewsletterTest" />
    </UnitTest>
    <UnitTest name="cargarMovimientosTest" storage="c:\users\diego\documents\visual studio 2010\projects\uniprof\tests\bin\release\tests.dll" id="29a5da4e-65d5-0422-5e68-618976117f03">
      <Execution id="d9e61b11-5745-48a4-88e7-167f6d17e85c" />
      <TestMethod codeBase="C:/Users/Diego/Documents/Visual Studio 2010/Projects/Uniprof/Tests/bin/Release/Tests.DLL" adapterTypeName="Microsoft.VisualStudio.TestTools.TestTypes.Unit.UnitTestAdapter, Microsoft.VisualStudio.QualityTools.Tips.UnitTest.Adapter, Version=10.0.0.0, Culture=neutral, PublicKeyToken=b03f5f7f11d50a3a" className="Tests.MovimientoCuentaProveedorTDGTest, Tests, Version=1.0.0.0, Culture=neutral, PublicKeyToken=null" name="cargarMovimientosTest" />
    </UnitTest>
    <UnitTest name="listarMensajesTest" storage="c:\users\diego\documents\visual studio 2010\projects\uniprof\tests\bin\release\tests.dll" id="3323acf7-8dc7-360e-f0a1-c4a2fbb9a91e">
      <Execution id="19cc8422-2bbf-4a37-ac3e-6d8e9b988f36" />
      <TestMethod codeBase="C:/Users/Diego/Documents/Visual Studio 2010/Projects/Uniprof/Tests/bin/Release/Tests.DLL" adapterTypeName="Microsoft.VisualStudio.TestTools.TestTypes.Unit.UnitTestAdapter, Microsoft.VisualStudio.QualityTools.Tips.UnitTest.Adapter, Version=10.0.0.0, Culture=neutral, PublicKeyToken=b03f5f7f11d50a3a" className="Tests.MensajeRepositorioTest, Tests, Version=1.0.0.0, Culture=neutral, PublicKeyToken=null" name="listarMensajesTest" />
    </UnitTest>
    <UnitTest name="cargarPedidoPorRestriccionesTest" storage="c:\users\diego\documents\visual studio 2010\projects\uniprof\tests\bin\release\tests.dll" id="eb042ce3-5f20-3d74-ebeb-88f3067e39ea">
      <Execution id="9289cbc1-944a-40c8-8af5-6fed29f2ec7a" />
      <TestMethod codeBase="C:/Users/Diego/Documents/Visual Studio 2010/Projects/Uniprof/Tests/bin/Release/Tests.DLL" adapterTypeName="Microsoft.VisualStudio.TestTools.TestTypes.Unit.UnitTestAdapter, Microsoft.VisualStudio.QualityTools.Tips.UnitTest.Adapter, Version=10.0.0.0, Culture=neutral, PublicKeyToken=b03f5f7f11d50a3a" className="Tests.PedidoTDGTest, Tests, Version=1.0.0.0, Culture=neutral, PublicKeyToken=null" name="cargarPedidoPorRestriccionesTest" />
    </UnitTest>
    <UnitTest name="borrarTest" storage="c:\users\diego\documents\visual studio 2010\projects\uniprof\tests\bin\release\tests.dll" id="e020cadd-bd50-d44d-30aa-ba2f497b2887">
      <Execution id="a57c9ddf-b8c6-4b88-bf45-f24c4d1d23fb" />
      <TestMethod codeBase="C:/Users/Diego/Documents/Visual Studio 2010/Projects/Uniprof/Tests/bin/Release/Tests.DLL" adapterTypeName="Microsoft.VisualStudio.TestTools.TestTypes.Unit.UnitTestAdapter, Microsoft.VisualStudio.QualityTools.Tips.UnitTest.Adapter, Version=10.0.0.0, Culture=neutral, PublicKeyToken=b03f5f7f11d50a3a" className="Tests.ConversacionBusinessTest, Tests, Version=1.0.0.0, Culture=neutral, PublicKeyToken=null" name="borrarTest" />
    </UnitTest>
    <UnitTest name="buscarInsumosTest" storage="c:\users\diego\documents\visual studio 2010\projects\uniprof\tests\bin\release\tests.dll" id="5d206a37-78a3-f908-c018-7a5a53253c75">
      <Execution id="0baa7fa3-7ee8-4f2b-beb5-f8a8aa2dd156" />
      <TestMethod codeBase="C:/Users/Diego/Documents/Visual Studio 2010/Projects/Uniprof/Tests/bin/Release/Tests.DLL" adapterTypeName="Microsoft.VisualStudio.TestTools.TestTypes.Unit.UnitTestAdapter, Microsoft.VisualStudio.QualityTools.Tips.UnitTest.Adapter, Version=10.0.0.0, Culture=neutral, PublicKeyToken=b03f5f7f11d50a3a" className="Tests.InsumoTDGTest, Tests, Version=1.0.0.0, Culture=neutral, PublicKeyToken=null" name="buscarInsumosTest" />
    </UnitTest>
    <UnitTest name="modificarMaquinasTest" storage="c:\users\diego\documents\visual studio 2010\projects\uniprof\tests\bin\release\tests.dll" id="96881fe6-dfde-90d7-168b-7e0645c53ba0">
      <Execution id="01a2bb2e-ac9d-4c8e-b6f3-5f49a6dc5e9b" />
      <TestMethod codeBase="C:/Users/Diego/Documents/Visual Studio 2010/Projects/Uniprof/Tests/bin/Release/Tests.DLL" adapterTypeName="Microsoft.VisualStudio.TestTools.TestTypes.Unit.UnitTestAdapter, Microsoft.VisualStudio.QualityTools.Tips.UnitTest.Adapter, Version=10.0.0.0, Culture=neutral, PublicKeyToken=b03f5f7f11d50a3a" className="Tests.MaquinaTDGTest, Tests, Version=1.0.0.0, Culture=neutral, PublicKeyToken=null" name="modificarMaquinasTest" />
    </UnitTest>
    <UnitTest name="listarPedidosConRestriccionTest" storage="c:\users\diego\documents\visual studio 2010\projects\uniprof\tests\bin\release\tests.dll" id="b6c93299-c437-e1df-d8ec-dc7e1e4a6bba">
      <Execution id="41fd1b15-fd86-497e-9439-b9dfaea7e3f1" />
      <TestMethod codeBase="C:/Users/Diego/Documents/Visual Studio 2010/Projects/Uniprof/Tests/bin/Release/Tests.DLL" adapterTypeName="Microsoft.VisualStudio.TestTools.TestTypes.Unit.UnitTestAdapter, Microsoft.VisualStudio.QualityTools.Tips.UnitTest.Adapter, Version=10.0.0.0, Culture=neutral, PublicKeyToken=b03f5f7f11d50a3a" className="Tests.PedidoRepositorioTest, Tests, Version=1.0.0.0, Culture=neutral, PublicKeyToken=null" name="listarPedidosConRestriccionTest" />
    </UnitTest>
    <UnitTest name="buscarTipoCuentasTest" storage="c:\users\diego\documents\visual studio 2010\projects\uniprof\tests\bin\release\tests.dll" id="967eb374-2104-1acf-4901-5331861aa4b4">
      <Execution id="6f1e363b-76e8-4af5-b4ff-c15251bb28f0" />
      <TestMethod codeBase="C:/Users/Diego/Documents/Visual Studio 2010/Projects/Uniprof/Tests/bin/Release/Tests.DLL" adapterTypeName="Microsoft.VisualStudio.TestTools.TestTypes.Unit.UnitTestAdapter, Microsoft.VisualStudio.QualityTools.Tips.UnitTest.Adapter, Version=10.0.0.0, Culture=neutral, PublicKeyToken=b03f5f7f11d50a3a" className="Tests.CuentaTDGTest, Tests, Version=1.0.0.0, Culture=neutral, PublicKeyToken=null" name="buscarTipoCuentasTest" />
    </UnitTest>
    <UnitTest name="grabarNuevoPedidoTest" storage="c:\users\diego\documents\visual studio 2010\projects\uniprof\tests\bin\release\tests.dll" id="6fccfc0c-3386-fa76-9bb6-5cb2884d04d6">
      <Execution id="ad44e9b8-e681-4e5e-be7e-55d0c8612af8" />
      <TestMethod codeBase="C:/Users/Diego/Documents/Visual Studio 2010/Projects/Uniprof/Tests/bin/Release/Tests.DLL" adapterTypeName="Microsoft.VisualStudio.TestTools.TestTypes.Unit.UnitTestAdapter, Microsoft.VisualStudio.QualityTools.Tips.UnitTest.Adapter, Version=10.0.0.0, Culture=neutral, PublicKeyToken=b03f5f7f11d50a3a" className="Tests.PedidoTDGTest, Tests, Version=1.0.0.0, Culture=neutral, PublicKeyToken=null" name="grabarNuevoPedidoTest" />
    </UnitTest>
    <UnitTest name="buscarTodoTest" storage="c:\users\diego\documents\visual studio 2010\projects\uniprof\tests\bin\release\tests.dll" id="b98676fe-ee87-56df-eacd-dd7ebb6e2cd3">
      <Execution id="5b5b181a-5a00-460e-9b64-1bae23dc4d71" />
      <TestMethod codeBase="C:/Users/Diego/Documents/Visual Studio 2010/Projects/Uniprof/Tests/bin/Release/Tests.DLL" adapterTypeName="Microsoft.VisualStudio.TestTools.TestTypes.Unit.UnitTestAdapter, Microsoft.VisualStudio.QualityTools.Tips.UnitTest.Adapter, Version=10.0.0.0, Culture=neutral, PublicKeyToken=b03f5f7f11d50a3a" className="Tests.TipoInsumoTDGTest, Tests, Version=1.0.0.0, Culture=neutral, PublicKeyToken=null" name="buscarTodoTest" />
    </UnitTest>
    <UnitTest name="buscarEstadosPorIdTest" storage="c:\users\diego\documents\visual studio 2010\projects\uniprof\tests\bin\release\tests.dll" id="390965ee-b707-eb4d-f805-7a307d4ab7fa">
      <Execution id="eda4008a-16e1-4986-86e5-0073d2220410" />
      <TestMethod codeBase="C:/Users/Diego/Documents/Visual Studio 2010/Projects/Uniprof/Tests/bin/Release/Tests.DLL" adapterTypeName="Microsoft.VisualStudio.TestTools.TestTypes.Unit.UnitTestAdapter, Microsoft.VisualStudio.QualityTools.Tips.UnitTest.Adapter, Version=10.0.0.0, Culture=neutral, PublicKeyToken=b03f5f7f11d50a3a" className="Tests.EstadoPedidoTDGTest, Tests, Version=1.0.0.0, Culture=neutral, PublicKeyToken=null" name="buscarEstadosPorIdTest" />
    </UnitTest>
    <UnitTest name="grabarMovimientoTest" storage="c:\users\diego\documents\visual studio 2010\projects\uniprof\tests\bin\release\tests.dll" id="15781058-9d50-4692-2e7e-53db8e43c13c">
      <Execution id="b9df5421-5597-4db3-8bc9-1bcfb724293d" />
      <TestMethod codeBase="C:/Users/Diego/Documents/Visual Studio 2010/Projects/Uniprof/Tests/bin/Release/Tests.DLL" adapterTypeName="Microsoft.VisualStudio.TestTools.TestTypes.Unit.UnitTestAdapter, Microsoft.VisualStudio.QualityTools.Tips.UnitTest.Adapter, Version=10.0.0.0, Culture=neutral, PublicKeyToken=b03f5f7f11d50a3a" className="Tests.MovimientoCuentaClienteRepositorioTest, Tests, Version=1.0.0.0, Culture=neutral, PublicKeyToken=null" name="grabarMovimientoTest" />
    </UnitTest>
    <UnitTest name="listarOrdenDeComprasPorMovimientoTest" storage="c:\users\diego\documents\visual studio 2010\projects\uniprof\tests\bin\release\tests.dll" id="d3580286-a69a-cc57-bea0-cea793fc0992">
      <Execution id="fc7f8f61-9fde-4e18-b165-0ef15e76f4c3" />
      <TestMethod codeBase="C:/Users/Diego/Documents/Visual Studio 2010/Projects/Uniprof/Tests/bin/Release/Tests.DLL" adapterTypeName="Microsoft.VisualStudio.TestTools.TestTypes.Unit.UnitTestAdapter, Microsoft.VisualStudio.QualityTools.Tips.UnitTest.Adapter, Version=10.0.0.0, Culture=neutral, PublicKeyToken=b03f5f7f11d50a3a" className="Tests.OrdenCompraRepositorioTest, Tests, Version=1.0.0.0, Culture=neutral, PublicKeyToken=null" name="listarOrdenDeComprasPorMovimientoTest" />
    </UnitTest>
    <UnitTest name="cargarMovimientosTest" storage="c:\users\diego\documents\visual studio 2010\projects\uniprof\tests\bin\release\tests.dll" id="69fa372c-7458-f7f0-5041-7bf40151831d">
      <Execution id="7887795b-91c2-4352-9250-c1e2925a044f" />
      <TestMethod codeBase="C:/Users/Diego/Documents/Visual Studio 2010/Projects/Uniprof/Tests/bin/Release/Tests.DLL" adapterTypeName="Microsoft.VisualStudio.TestTools.TestTypes.Unit.UnitTestAdapter, Microsoft.VisualStudio.QualityTools.Tips.UnitTest.Adapter, Version=10.0.0.0, Culture=neutral, PublicKeyToken=b03f5f7f11d50a3a" className="Tests.MovimientoCuentaClienteTDGTest, Tests, Version=1.0.0.0, Culture=neutral, PublicKeyToken=null" name="cargarMovimientosTest" />
    </UnitTest>
    <UnitTest name="borrarClienteTest" storage="c:\users\diego\documents\visual studio 2010\projects\uniprof\tests\bin\release\tests.dll" id="62392e62-abcf-2bb0-a872-aa102226687e">
      <Execution id="7521476a-5acb-4ce5-94aa-794abad99a42" />
      <TestMethod codeBase="C:/Users/Diego/Documents/Visual Studio 2010/Projects/Uniprof/Tests/bin/Release/Tests.DLL" adapterTypeName="Microsoft.VisualStudio.TestTools.TestTypes.Unit.UnitTestAdapter, Microsoft.VisualStudio.QualityTools.Tips.UnitTest.Adapter, Version=10.0.0.0, Culture=neutral, PublicKeyToken=b03f5f7f11d50a3a" className="Tests.ClienteRepositorioTest, Tests, Version=1.0.0.0, Culture=neutral, PublicKeyToken=null" name="borrarClienteTest" />
    </UnitTest>
    <UnitTest name="modificarMovimientosClienteTest" storage="c:\users\diego\documents\visual studio 2010\projects\uniprof\tests\bin\release\tests.dll" id="e4f43342-50bf-4878-e3d3-5afdaa2ddd37">
      <Execution id="8e5d461d-9be6-48ed-bf7d-9661d437dc79" />
      <TestMethod codeBase="C:/Users/Diego/Documents/Visual Studio 2010/Projects/Uniprof/Tests/bin/Release/Tests.DLL" adapterTypeName="Microsoft.VisualStudio.TestTools.TestTypes.Unit.UnitTestAdapter, Microsoft.VisualStudio.QualityTools.Tips.UnitTest.Adapter, Version=10.0.0.0, Culture=neutral, PublicKeyToken=b03f5f7f11d50a3a" className="Tests.MovimientoCuentaClienteTDGTest, Tests, Version=1.0.0.0, Culture=neutral, PublicKeyToken=null" name="modificarMovimientosClienteTest" />
    </UnitTest>
    <UnitTest name="grabarTipoPrendaTest" storage="c:\users\diego\documents\visual studio 2010\projects\uniprof\tests\bin\release\tests.dll" id="dc17c55e-f745-25bd-9dae-5c78f5bb2176">
      <Execution id="015357ee-1efc-49c7-a4cf-73d44858e4eb" />
      <TestMethod codeBase="C:/Users/Diego/Documents/Visual Studio 2010/Projects/Uniprof/Tests/bin/Release/Tests.DLL" adapterTypeName="Microsoft.VisualStudio.TestTools.TestTypes.Unit.UnitTestAdapter, Microsoft.VisualStudio.QualityTools.Tips.UnitTest.Adapter, Version=10.0.0.0, Culture=neutral, PublicKeyToken=b03f5f7f11d50a3a" className="Tests.TipoPrendaTDGTest, Tests, Version=1.0.0.0, Culture=neutral, PublicKeyToken=null" name="grabarTipoPrendaTest" />
    </UnitTest>
    <UnitTest name="buscarMovimintosTest" storage="c:\users\diego\documents\visual studio 2010\projects\uniprof\tests\bin\release\tests.dll" id="b757834a-da0f-6514-4f88-5f56b32e1557">
      <Execution id="80be36c0-ee8c-4c68-bbc1-00e3b5fea6c7" />
      <TestMethod codeBase="C:/Users/Diego/Documents/Visual Studio 2010/Projects/Uniprof/Tests/bin/Release/Tests.DLL" adapterTypeName="Microsoft.VisualStudio.TestTools.TestTypes.Unit.UnitTestAdapter, Microsoft.VisualStudio.QualityTools.Tips.UnitTest.Adapter, Version=10.0.0.0, Culture=neutral, PublicKeyToken=b03f5f7f11d50a3a" className="Tests.MovimientoCuentaProveedorRepositorioTest, Tests, Version=1.0.0.0, Culture=neutral, PublicKeyToken=null" name="buscarMovimintosTest" />
    </UnitTest>
    <UnitTest name="cargarUsuarioConRestriccionesTest" storage="c:\users\diego\documents\visual studio 2010\projects\uniprof\tests\bin\release\tests.dll" id="d9f16886-57f7-8858-0bb0-758babcd4a82">
      <Execution id="a3e599b2-894b-464f-a63b-23dc5fa57481" />
      <TestMethod codeBase="C:/Users/Diego/Documents/Visual Studio 2010/Projects/Uniprof/Tests/bin/Release/Tests.DLL" adapterTypeName="Microsoft.VisualStudio.TestTools.TestTypes.Unit.UnitTestAdapter, Microsoft.VisualStudio.QualityTools.Tips.UnitTest.Adapter, Version=10.0.0.0, Culture=neutral, PublicKeyToken=b03f5f7f11d50a3a" className="Tests.UsuarioRepositorioTest, Tests, Version=1.0.0.0, Culture=neutral, PublicKeyToken=null" name="cargarUsuarioConRestriccionesTest" />
    </UnitTest>
    <UnitTest name="borrarMovimientosClienteTest" storage="c:\users\diego\documents\visual studio 2010\projects\uniprof\tests\bin\release\tests.dll" id="688ff74d-915e-d560-41c3-a70549298345">
      <Execution id="0b6a6dc5-6d89-47ff-a48a-534199100d43" />
      <TestMethod codeBase="C:/Users/Diego/Documents/Visual Studio 2010/Projects/Uniprof/Tests/bin/Release/Tests.DLL" adapterTypeName="Microsoft.VisualStudio.TestTools.TestTypes.Unit.UnitTestAdapter, Microsoft.VisualStudio.QualityTools.Tips.UnitTest.Adapter, Version=10.0.0.0, Culture=neutral, PublicKeyToken=b03f5f7f11d50a3a" className="Tests.MovimientoCuentaProveedorTDGTest, Tests, Version=1.0.0.0, Culture=neutral, PublicKeyToken=null" name="borrarMovimientosClienteTest" />
    </UnitTest>
    <UnitTest name="borrarMaquinasTest" storage="c:\users\diego\documents\visual studio 2010\projects\uniprof\tests\bin\release\tests.dll" id="2f942134-eb39-049b-9e6e-2f42e91a8a19">
      <Execution id="1c8cb814-7578-458c-8d42-5defed415091" />
      <TestMethod codeBase="C:/Users/Diego/Documents/Visual Studio 2010/Projects/Uniprof/Tests/bin/Release/Tests.DLL" adapterTypeName="Microsoft.VisualStudio.TestTools.TestTypes.Unit.UnitTestAdapter, Microsoft.VisualStudio.QualityTools.Tips.UnitTest.Adapter, Version=10.0.0.0, Culture=neutral, PublicKeyToken=b03f5f7f11d50a3a" className="Tests.MaquinaTDGTest, Tests, Version=1.0.0.0, Culture=neutral, PublicKeyToken=null" name="borrarMaquinasTest" />
    </UnitTest>
    <UnitTest name="listarProduccionPorFechasTest" storage="c:\users\diego\documents\visual studio 2010\projects\uniprof\tests\bin\release\tests.dll" id="036044ea-8d05-b58f-21af-2b8c451629d2">
      <Execution id="5e29e734-c470-4c6d-bef1-223174f4f245" />
      <TestMethod codeBase="C:/Users/Diego/Documents/Visual Studio 2010/Projects/Uniprof/Tests/bin/Release/Tests.DLL" adapterTypeName="Microsoft.VisualStudio.TestTools.TestTypes.Unit.UnitTestAdapter, Microsoft.VisualStudio.QualityTools.Tips.UnitTest.Adapter, Version=10.0.0.0, Culture=neutral, PublicKeyToken=b03f5f7f11d50a3a" className="Tests.ProduccionBusinessTest, Tests, Version=1.0.0.0, Culture=neutral, PublicKeyToken=null" name="listarProduccionPorFechasTest" />
    </UnitTest>
    <UnitTest name="grabarFacturaTest" storage="c:\users\diego\documents\visual studio 2010\projects\uniprof\tests\bin\release\tests.dll" id="c27245e1-4f05-55df-8c6f-e38fa3d47902">
      <Execution id="7cad40a1-17a1-4c8d-93c3-2f35623875fe" />
      <TestMethod codeBase="C:/Users/Diego/Documents/Visual Studio 2010/Projects/Uniprof/Tests/bin/Release/Tests.DLL" adapterTypeName="Microsoft.VisualStudio.TestTools.TestTypes.Unit.UnitTestAdapter, Microsoft.VisualStudio.QualityTools.Tips.UnitTest.Adapter, Version=10.0.0.0, Culture=neutral, PublicKeyToken=b03f5f7f11d50a3a" className="Tests.FacturaRepositorioTest, Tests, Version=1.0.0.0, Culture=neutral, PublicKeyToken=null" name="grabarFacturaTest" />
    </UnitTest>
    <UnitTest name="buscarTodoTest" storage="c:\users\diego\documents\visual studio 2010\projects\uniprof\tests\bin\release\tests.dll" id="9bc71622-b688-a88b-7a65-091a11ad1362">
      <Execution id="02db0d11-56dd-4a72-b1b5-de4895cf9b75" />
      <TestMethod codeBase="C:/Users/Diego/Documents/Visual Studio 2010/Projects/Uniprof/Tests/bin/Release/Tests.DLL" adapterTypeName="Microsoft.VisualStudio.TestTools.TestTypes.Unit.UnitTestAdapter, Microsoft.VisualStudio.QualityTools.Tips.UnitTest.Adapter, Version=10.0.0.0, Culture=neutral, PublicKeyToken=b03f5f7f11d50a3a" className="Tests.TipoMovimientoTDGTest, Tests, Version=1.0.0.0, Culture=neutral, PublicKeyToken=null" name="buscarTodoTest" />
    </UnitTest>
    <UnitTest name="grabarTest" storage="c:\users\diego\documents\visual studio 2010\projects\uniprof\tests\bin\release\tests.dll" id="fdbcf997-f735-49dd-2d86-a367fe3813bc">
      <Execution id="094ffc52-ce46-4566-a9a1-b1291764d288" />
      <TestMethod codeBase="C:/Users/Diego/Documents/Visual Studio 2010/Projects/Uniprof/Tests/bin/Release/Tests.DLL" adapterTypeName="Microsoft.VisualStudio.TestTools.TestTypes.Unit.UnitTestAdapter, Microsoft.VisualStudio.QualityTools.Tips.UnitTest.Adapter, Version=10.0.0.0, Culture=neutral, PublicKeyToken=b03f5f7f11d50a3a" className="Tests.MensajeRepositorioTest, Tests, Version=1.0.0.0, Culture=neutral, PublicKeyToken=null" name="grabarTest" />
    </UnitTest>
    <UnitTest name="GrabarDiseñoTest1" storage="c:\users\diego\documents\visual studio 2010\projects\uniprof\tests\bin\release\tests.dll" id="80476086-aaaa-ba28-a4dc-0972defbe8bb">
      <Execution id="73e1aac3-5587-4150-a54f-784a74186748" />
      <TestMethod codeBase="C:/Users/Diego/Documents/Visual Studio 2010/Projects/Uniprof/Tests/bin/Release/Tests.DLL" adapterTypeName="Microsoft.VisualStudio.TestTools.TestTypes.Unit.UnitTestAdapter, Microsoft.VisualStudio.QualityTools.Tips.UnitTest.Adapter, Version=10.0.0.0, Culture=neutral, PublicKeyToken=b03f5f7f11d50a3a" className="Tests.DiseñoBusinessTest, Tests, Version=1.0.0.0, Culture=neutral, PublicKeyToken=null" name="GrabarDiseñoTest1" />
    </UnitTest>
    <UnitTest name="borrarHistoricoEstadosTest" storage="c:\users\diego\documents\visual studio 2010\projects\uniprof\tests\bin\release\tests.dll" id="a238bb59-cc6f-a250-c2de-3c102510d342">
      <Execution id="09ca815f-b64e-48e9-b11f-2df9c461725e" />
      <TestMethod codeBase="C:/Users/Diego/Documents/Visual Studio 2010/Projects/Uniprof/Tests/bin/Release/Tests.DLL" adapterTypeName="Microsoft.VisualStudio.TestTools.TestTypes.Unit.UnitTestAdapter, Microsoft.VisualStudio.QualityTools.Tips.UnitTest.Adapter, Version=10.0.0.0, Culture=neutral, PublicKeyToken=b03f5f7f11d50a3a" className="Tests.HistoricoEstadosProduccionTDGTest, Tests, Version=1.0.0.0, Culture=neutral, PublicKeyToken=null" name="borrarHistoricoEstadosTest" />
    </UnitTest>
    <UnitTest name="cargarMovimientosTest" storage="c:\users\diego\documents\visual studio 2010\projects\uniprof\tests\bin\release\tests.dll" id="4f3a2e54-c06b-cfc2-386b-24b648fee82c">
      <Execution id="7360dbb1-55d7-42e0-b2d8-a6a6e21b3304" />
      <TestMethod codeBase="C:/Users/Diego/Documents/Visual Studio 2010/Projects/Uniprof/Tests/bin/Release/Tests.DLL" adapterTypeName="Microsoft.VisualStudio.TestTools.TestTypes.Unit.UnitTestAdapter, Microsoft.VisualStudio.QualityTools.Tips.UnitTest.Adapter, Version=10.0.0.0, Culture=neutral, PublicKeyToken=b03f5f7f11d50a3a" className="Tests.MovimientoStockTDGTest, Tests, Version=1.0.0.0, Culture=neutral, PublicKeyToken=null" name="cargarMovimientosTest" />
    </UnitTest>
    <UnitTest name="CargarClienteTest" storage="c:\users\diego\documents\visual studio 2010\projects\uniprof\tests\bin\release\tests.dll" id="e64170f8-e36a-c642-d97d-54b6bb0553a6">
      <Execution id="1ad8a4e3-bce6-4e67-9026-7f4fd39ca1fe" />
      <TestMethod codeBase="C:/Users/Diego/Documents/Visual Studio 2010/Projects/Uniprof/Tests/bin/Release/Tests.DLL" adapterTypeName="Microsoft.VisualStudio.TestTools.TestTypes.Unit.UnitTestAdapter, Microsoft.VisualStudio.QualityTools.Tips.UnitTest.Adapter, Version=10.0.0.0, Culture=neutral, PublicKeyToken=b03f5f7f11d50a3a" className="Tests.ClienteRepositorioTest, Tests, Version=1.0.0.0, Culture=neutral, PublicKeyToken=null" name="CargarClienteTest" />
    </UnitTest>
    <UnitTest name="buscarOpinionesPorCriterioTest" storage="c:\users\diego\documents\visual studio 2010\projects\uniprof\tests\bin\release\tests.dll" id="75ff0c72-ae5b-a30a-d444-42d5bfa7ed8d">
      <Execution id="9897ee77-b87c-4004-8054-369027d48fd9" />
      <TestMethod codeBase="C:/Users/Diego/Documents/Visual Studio 2010/Projects/Uniprof/Tests/bin/Release/Tests.DLL" adapterTypeName="Microsoft.VisualStudio.TestTools.TestTypes.Unit.UnitTestAdapter, Microsoft.VisualStudio.QualityTools.Tips.UnitTest.Adapter, Version=10.0.0.0, Culture=neutral, PublicKeyToken=b03f5f7f11d50a3a" className="Tests.OpinionTDGTest, Tests, Version=1.0.0.0, Culture=neutral, PublicKeyToken=null" name="buscarOpinionesPorCriterioTest" />
    </UnitTest>
    <UnitTest name="listarFacturasPorIdTest" storage="c:\users\diego\documents\visual studio 2010\projects\uniprof\tests\bin\release\tests.dll" id="afb70fb3-f16b-16ef-9272-e650b4c370ff">
      <Execution id="8acf762e-06f0-4136-a040-ae2c774cf3aa" />
      <TestMethod codeBase="C:/Users/Diego/Documents/Visual Studio 2010/Projects/Uniprof/Tests/bin/Release/Tests.DLL" adapterTypeName="Microsoft.VisualStudio.TestTools.TestTypes.Unit.UnitTestAdapter, Microsoft.VisualStudio.QualityTools.Tips.UnitTest.Adapter, Version=10.0.0.0, Culture=neutral, PublicKeyToken=b03f5f7f11d50a3a" className="Tests.FacturaBusinessTest, Tests, Version=1.0.0.0, Culture=neutral, PublicKeyToken=null" name="listarFacturasPorIdTest" />
    </UnitTest>
    <UnitTest name="cargarUsuarioConRestriccionesTest" storage="c:\users\diego\documents\visual studio 2010\projects\uniprof\tests\bin\release\tests.dll" id="af2a5dd3-889c-239a-49ba-4559ade59815">
      <Execution id="f5fa3f0b-c50c-4b2b-bbd6-d3389a5b4330" />
      <TestMethod codeBase="C:/Users/Diego/Documents/Visual Studio 2010/Projects/Uniprof/Tests/bin/Release/Tests.DLL" adapterTypeName="Microsoft.VisualStudio.TestTools.TestTypes.Unit.UnitTestAdapter, Microsoft.VisualStudio.QualityTools.Tips.UnitTest.Adapter, Version=10.0.0.0, Culture=neutral, PublicKeyToken=b03f5f7f11d50a3a" className="Tests.UsuarioBusinessTest, Tests, Version=1.0.0.0, Culture=neutral, PublicKeyToken=null" name="cargarUsuarioConRestriccionesTest" />
    </UnitTest>
    <UnitTest name="cargarLineasFacturaConRestriccionTest" storage="c:\users\diego\documents\visual studio 2010\projects\uniprof\tests\bin\release\tests.dll" id="65cf3506-53bd-487b-cba6-ed8ab00a65a4">
      <Execution id="0e188f67-9ea5-4644-93d4-d617850225e5" />
      <TestMethod codeBase="C:/Users/Diego/Documents/Visual Studio 2010/Projects/Uniprof/Tests/bin/Release/Tests.DLL" adapterTypeName="Microsoft.VisualStudio.TestTools.TestTypes.Unit.UnitTestAdapter, Microsoft.VisualStudio.QualityTools.Tips.UnitTest.Adapter, Version=10.0.0.0, Culture=neutral, PublicKeyToken=b03f5f7f11d50a3a" className="Tests.LineaFacturaTDGTest, Tests, Version=1.0.0.0, Culture=neutral, PublicKeyToken=null" name="cargarLineasFacturaConRestriccionTest" />
    </UnitTest>
    <UnitTest name="buscarPedidoPorCodigoTest" storage="c:\users\diego\documents\visual studio 2010\projects\uniprof\tests\bin\release\tests.dll" id="aa89e54f-b120-5f04-a49b-eb1a63d779df">
      <Execution id="513bd0e0-2411-4016-a01a-48db6e3f2086" />
      <TestMethod codeBase="C:/Users/Diego/Documents/Visual Studio 2010/Projects/Uniprof/Tests/bin/Release/Tests.DLL" adapterTypeName="Microsoft.VisualStudio.TestTools.TestTypes.Unit.UnitTestAdapter, Microsoft.VisualStudio.QualityTools.Tips.UnitTest.Adapter, Version=10.0.0.0, Culture=neutral, PublicKeyToken=b03f5f7f11d50a3a" className="Tests.PedidoBusinessTest, Tests, Version=1.0.0.0, Culture=neutral, PublicKeyToken=null" name="buscarPedidoPorCodigoTest" />
    </UnitTest>
    <UnitTest name="actualizarUsuarioTest" storage="c:\users\diego\documents\visual studio 2010\projects\uniprof\tests\bin\release\tests.dll" id="5f0d0749-3ebf-18a9-df3b-b2af8e5ec0eb">
      <Execution id="56026e49-a402-4939-a739-4efa55b9467c" />
      <TestMethod codeBase="C:/Users/Diego/Documents/Visual Studio 2010/Projects/Uniprof/Tests/bin/Release/Tests.DLL" adapterTypeName="Microsoft.VisualStudio.TestTools.TestTypes.Unit.UnitTestAdapter, Microsoft.VisualStudio.QualityTools.Tips.UnitTest.Adapter, Version=10.0.0.0, Culture=neutral, PublicKeyToken=b03f5f7f11d50a3a" className="Tests.UsuarioTDGTest, Tests, Version=1.0.0.0, Culture=neutral, PublicKeyToken=null" name="actualizarUsuarioTest" />
    </UnitTest>
    <UnitTest name="cargarlistaProduccionConRestriccionesTest" storage="c:\users\diego\documents\visual studio 2010\projects\uniprof\tests\bin\release\tests.dll" id="bb119d3a-e948-8bb7-862b-ef22cd5e5418">
      <Execution id="2502c2dc-8813-487b-bcb7-db71b1256874" />
      <TestMethod codeBase="C:/Users/Diego/Documents/Visual Studio 2010/Projects/Uniprof/Tests/bin/Release/Tests.DLL" adapterTypeName="Microsoft.VisualStudio.TestTools.TestTypes.Unit.UnitTestAdapter, Microsoft.VisualStudio.QualityTools.Tips.UnitTest.Adapter, Version=10.0.0.0, Culture=neutral, PublicKeyToken=b03f5f7f11d50a3a" className="Tests.ProduccionTDGTest, Tests, Version=1.0.0.0, Culture=neutral, PublicKeyToken=null" name="cargarlistaProduccionConRestriccionesTest" />
    </UnitTest>
    <UnitTest name="listarOrdenDeComprasTest" storage="c:\users\diego\documents\visual studio 2010\projects\uniprof\tests\bin\release\tests.dll" id="019bd56c-e56a-79a5-09bc-547b99ed981b">
      <Execution id="35ae054b-8d56-475b-ace1-c14cd14ac0bf" />
      <TestMethod codeBase="C:/Users/Diego/Documents/Visual Studio 2010/Projects/Uniprof/Tests/bin/Release/Tests.DLL" adapterTypeName="Microsoft.VisualStudio.TestTools.TestTypes.Unit.UnitTestAdapter, Microsoft.VisualStudio.QualityTools.Tips.UnitTest.Adapter, Version=10.0.0.0, Culture=neutral, PublicKeyToken=b03f5f7f11d50a3a" className="Tests.OrdenCompraBusinessTest, Tests, Version=1.0.0.0, Culture=neutral, PublicKeyToken=null" name="listarOrdenDeComprasTest" />
    </UnitTest>
    <UnitTest name="actualizarClienteTest" storage="c:\users\diego\documents\visual studio 2010\projects\uniprof\tests\bin\release\tests.dll" id="52d17b0e-d936-129e-43f3-078523a7b6ea">
      <Execution id="7366b37e-3344-4ea6-93e7-b89be0754dec" />
      <TestMethod codeBase="C:/Users/Diego/Documents/Visual Studio 2010/Projects/Uniprof/Tests/bin/Release/Tests.DLL" adapterTypeName="Microsoft.VisualStudio.TestTools.TestTypes.Unit.UnitTestAdapter, Microsoft.VisualStudio.QualityTools.Tips.UnitTest.Adapter, Version=10.0.0.0, Culture=neutral, PublicKeyToken=b03f5f7f11d50a3a" className="Tests.ClienteRepositorioTest, Tests, Version=1.0.0.0, Culture=neutral, PublicKeyToken=null" name="actualizarClienteTest" />
    </UnitTest>
    <UnitTest name="actualizaArticuloTest" storage="c:\users\diego\documents\visual studio 2010\projects\uniprof\tests\bin\release\tests.dll" id="4b4cc00b-440a-fb3e-bf1c-58f18a59fbb6">
      <Execution id="3b066853-d9f4-4c17-b95c-508bcb106af5" />
      <TestMethod codeBase="C:/Users/Diego/Documents/Visual Studio 2010/Projects/Uniprof/Tests/bin/Release/Tests.DLL" adapterTypeName="Microsoft.VisualStudio.TestTools.TestTypes.Unit.UnitTestAdapter, Microsoft.VisualStudio.QualityTools.Tips.UnitTest.Adapter, Version=10.0.0.0, Culture=neutral, PublicKeyToken=b03f5f7f11d50a3a" className="Tests.ArticuloBusinessTest, Tests, Version=1.0.0.0, Culture=neutral, PublicKeyToken=null" name="actualizaArticuloTest" />
    </UnitTest>
    <UnitTest name="calcularDistanciaEntreTrabajosTest1" storage="c:\users\diego\documents\visual studio 2010\projects\uniprof\tests\bin\release\tests.dll" id="c17e6f29-704e-75d9-e266-2faaf40f3e21">
      <Execution id="c168dee0-de15-4bcb-b7e1-6e8f01356296" />
      <TestMethod codeBase="C:/Users/Diego/Documents/Visual Studio 2010/Projects/Uniprof/Tests/bin/Release/Tests.DLL" adapterTypeName="Microsoft.VisualStudio.TestTools.TestTypes.Unit.UnitTestAdapter, Microsoft.VisualStudio.QualityTools.Tips.UnitTest.Adapter, Version=10.0.0.0, Culture=neutral, PublicKeyToken=b03f5f7f11d50a3a" className="Tests.ProduccionBusinessTest, Tests, Version=1.0.0.0, Culture=neutral, PublicKeyToken=null" name="calcularDistanciaEntreTrabajosTest1" />
    </UnitTest>
    <UnitTest name="cargarFamiliasPorUsuarioTest" storage="c:\users\diego\documents\visual studio 2010\projects\uniprof\tests\bin\release\tests.dll" id="d1a8787a-d877-64a2-00b1-470142ee8a14">
      <Execution id="2be07f51-b875-42dc-8ace-c87c77a56098" />
      <TestMethod codeBase="C:/Users/Diego/Documents/Visual Studio 2010/Projects/Uniprof/Tests/bin/Release/Tests.DLL" adapterTypeName="Microsoft.VisualStudio.TestTools.TestTypes.Unit.UnitTestAdapter, Microsoft.VisualStudio.QualityTools.Tips.UnitTest.Adapter, Version=10.0.0.0, Culture=neutral, PublicKeyToken=b03f5f7f11d50a3a" className="Tests.FamiliaTDGTest, Tests, Version=1.0.0.0, Culture=neutral, PublicKeyToken=null" name="cargarFamiliasPorUsuarioTest" />
    </UnitTest>
    <UnitTest name="buscarPrendasPorIDTest" storage="c:\users\diego\documents\visual studio 2010\projects\uniprof\tests\bin\release\tests.dll" id="7f10aeee-1e6d-047f-bf86-9fb35cb9cbd0">
      <Execution id="63b34ca2-5b7b-4983-bec9-4189dc1d5976" />
      <TestMethod codeBase="C:/Users/Diego/Documents/Visual Studio 2010/Projects/Uniprof/Tests/bin/Release/Tests.DLL" adapterTypeName="Microsoft.VisualStudio.TestTools.TestTypes.Unit.UnitTestAdapter, Microsoft.VisualStudio.QualityTools.Tips.UnitTest.Adapter, Version=10.0.0.0, Culture=neutral, PublicKeyToken=b03f5f7f11d50a3a" className="Tests.TipoPrendaRepositorioTest, Tests, Version=1.0.0.0, Culture=neutral, PublicKeyToken=null" name="buscarPrendasPorIDTest" />
    </UnitTest>
    <UnitTest name="buscarPrimerosHuecosMaquinaTest3" storage="c:\users\diego\documents\visual studio 2010\projects\uniprof\tests\bin\release\tests.dll" id="8e0c723b-e192-342e-eb9f-eccfedfe5ca1">
      <Execution id="41c0a982-75c4-4cde-b123-eb7cb0285676" />
      <TestMethod codeBase="C:/Users/Diego/Documents/Visual Studio 2010/Projects/Uniprof/Tests/bin/Release/Tests.DLL" adapterTypeName="Microsoft.VisualStudio.TestTools.TestTypes.Unit.UnitTestAdapter, Microsoft.VisualStudio.QualityTools.Tips.UnitTest.Adapter, Version=10.0.0.0, Culture=neutral, PublicKeyToken=b03f5f7f11d50a3a" className="Tests.ProduccionBusinessTest, Tests, Version=1.0.0.0, Culture=neutral, PublicKeyToken=null" name="buscarPrimerosHuecosMaquinaTest3" />
    </UnitTest>
    <UnitTest name="buscarProveedorPorCodigoTest" storage="c:\users\diego\documents\visual studio 2010\projects\uniprof\tests\bin\release\tests.dll" id="9853b2bf-c35b-f18f-c067-26f1d74150ec">
      <Execution id="f7f00ec4-5073-41ea-b4b6-f18e21ceacaf" />
      <TestMethod codeBase="C:/Users/Diego/Documents/Visual Studio 2010/Projects/Uniprof/Tests/bin/Release/Tests.DLL" adapterTypeName="Microsoft.VisualStudio.TestTools.TestTypes.Unit.UnitTestAdapter, Microsoft.VisualStudio.QualityTools.Tips.UnitTest.Adapter, Version=10.0.0.0, Culture=neutral, PublicKeyToken=b03f5f7f11d50a3a" className="Tests.ProveedorRepositorioTest, Tests, Version=1.0.0.0, Culture=neutral, PublicKeyToken=null" name="buscarProveedorPorCodigoTest" />
    </UnitTest>
    <UnitTest name="buscarEstadosTest" storage="c:\users\diego\documents\visual studio 2010\projects\uniprof\tests\bin\release\tests.dll" id="34308cfd-d506-0b0a-6562-a4e0e8e6e9f3">
      <Execution id="08c52149-8ff9-495d-8b89-071ae3de2b9c" />
      <TestMethod codeBase="C:/Users/Diego/Documents/Visual Studio 2010/Projects/Uniprof/Tests/bin/Release/Tests.DLL" adapterTypeName="Microsoft.VisualStudio.TestTools.TestTypes.Unit.UnitTestAdapter, Microsoft.VisualStudio.QualityTools.Tips.UnitTest.Adapter, Version=10.0.0.0, Culture=neutral, PublicKeyToken=b03f5f7f11d50a3a" className="Tests.EstadoPedidoTDGTest, Tests, Version=1.0.0.0, Culture=neutral, PublicKeyToken=null" name="buscarEstadosTest" />
    </UnitTest>
    <UnitTest name="buscarPrimerosHuecosMaquinaTest5" storage="c:\users\diego\documents\visual studio 2010\projects\uniprof\tests\bin\release\tests.dll" id="5c26e5bc-173f-d60e-f76c-ab3d9a4b4531">
      <Execution id="bc686576-a869-44e2-9457-5277932bfc94" />
      <TestMethod codeBase="C:/Users/Diego/Documents/Visual Studio 2010/Projects/Uniprof/Tests/bin/Release/Tests.DLL" adapterTypeName="Microsoft.VisualStudio.TestTools.TestTypes.Unit.UnitTestAdapter, Microsoft.VisualStudio.QualityTools.Tips.UnitTest.Adapter, Version=10.0.0.0, Culture=neutral, PublicKeyToken=b03f5f7f11d50a3a" className="Tests.ProduccionBusinessTest, Tests, Version=1.0.0.0, Culture=neutral, PublicKeyToken=null" name="buscarPrimerosHuecosMaquinaTest5" />
    </UnitTest>
    <UnitTest name="borrarMensajeTest" storage="c:\users\diego\documents\visual studio 2010\projects\uniprof\tests\bin\release\tests.dll" id="88295536-741f-3a89-ef69-1ec7d6b91f08">
      <Execution id="fee37d2d-d2b9-47c6-9d76-95f2475c8ef5" />
      <TestMethod codeBase="C:/Users/Diego/Documents/Visual Studio 2010/Projects/Uniprof/Tests/bin/Release/Tests.DLL" adapterTypeName="Microsoft.VisualStudio.TestTools.TestTypes.Unit.UnitTestAdapter, Microsoft.VisualStudio.QualityTools.Tips.UnitTest.Adapter, Version=10.0.0.0, Culture=neutral, PublicKeyToken=b03f5f7f11d50a3a" className="Tests.ConversacionTDGTest, Tests, Version=1.0.0.0, Culture=neutral, PublicKeyToken=null" name="borrarMensajeTest" />
    </UnitTest>
    <UnitTest name="cargarPatentesPorUsuarioTest" storage="c:\users\diego\documents\visual studio 2010\projects\uniprof\tests\bin\release\tests.dll" id="4075ee85-dce8-0a59-bbe2-572b6c1b6a07">
      <Execution id="765f981b-baf0-4210-b3dd-743ae15054db" />
      <TestMethod codeBase="C:/Users/Diego/Documents/Visual Studio 2010/Projects/Uniprof/Tests/bin/Release/Tests.DLL" adapterTypeName="Microsoft.VisualStudio.TestTools.TestTypes.Unit.UnitTestAdapter, Microsoft.VisualStudio.QualityTools.Tips.UnitTest.Adapter, Version=10.0.0.0, Culture=neutral, PublicKeyToken=b03f5f7f11d50a3a" className="Tests.PatenteRepositorioTest, Tests, Version=1.0.0.0, Culture=neutral, PublicKeyToken=null" name="cargarPatentesPorUsuarioTest" />
    </UnitTest>
    <UnitTest name="calcularFinalizacionTest4" storage="c:\users\diego\documents\visual studio 2010\projects\uniprof\tests\bin\release\tests.dll" id="93f8ff39-718d-999f-f07f-06a3b12e22dd">
      <Execution id="db987503-e9d4-4bfb-ba8f-0595e4057da7" />
      <TestMethod codeBase="C:/Users/Diego/Documents/Visual Studio 2010/Projects/Uniprof/Tests/bin/Release/Tests.DLL" adapterTypeName="Microsoft.VisualStudio.TestTools.TestTypes.Unit.UnitTestAdapter, Microsoft.VisualStudio.QualityTools.Tips.UnitTest.Adapter, Version=10.0.0.0, Culture=neutral, PublicKeyToken=b03f5f7f11d50a3a" className="Tests.ProduccionBusinessTest, Tests, Version=1.0.0.0, Culture=neutral, PublicKeyToken=null" name="calcularFinalizacionTest4" />
    </UnitTest>
    <UnitTest name="buscarMovimintosTest" storage="c:\users\diego\documents\visual studio 2010\projects\uniprof\tests\bin\release\tests.dll" id="b09e98eb-5e7b-17f1-4a91-35133c7055e9">
      <Execution id="e9d47f6e-ab2d-4af5-9b70-7375c16728e3" />
      <TestMethod codeBase="C:/Users/Diego/Documents/Visual Studio 2010/Projects/Uniprof/Tests/bin/Release/Tests.DLL" adapterTypeName="Microsoft.VisualStudio.TestTools.TestTypes.Unit.UnitTestAdapter, Microsoft.VisualStudio.QualityTools.Tips.UnitTest.Adapter, Version=10.0.0.0, Culture=neutral, PublicKeyToken=b03f5f7f11d50a3a" className="Tests.MovimientoCuentaClienteRepositorioTest, Tests, Version=1.0.0.0, Culture=neutral, PublicKeyToken=null" name="buscarMovimintosTest" />
    </UnitTest>
    <UnitTest name="listarFacturaPorMovimientoTest" storage="c:\users\diego\documents\visual studio 2010\projects\uniprof\tests\bin\release\tests.dll" id="37b5db64-970d-c293-40fd-5d0b9fe33e03">
      <Execution id="65d895b9-f42e-475c-969a-19c87648da5c" />
      <TestMethod codeBase="C:/Users/Diego/Documents/Visual Studio 2010/Projects/Uniprof/Tests/bin/Release/Tests.DLL" adapterTypeName="Microsoft.VisualStudio.TestTools.TestTypes.Unit.UnitTestAdapter, Microsoft.VisualStudio.QualityTools.Tips.UnitTest.Adapter, Version=10.0.0.0, Culture=neutral, PublicKeyToken=b03f5f7f11d50a3a" className="Tests.FacturaRepositorioTest, Tests, Version=1.0.0.0, Culture=neutral, PublicKeyToken=null" name="listarFacturaPorMovimientoTest" />
    </UnitTest>
    <UnitTest name="cargarListaPrecioTest" storage="c:\users\diego\documents\visual studio 2010\projects\uniprof\tests\bin\release\tests.dll" id="65f33339-f5f5-af8d-e74e-57a59876466d">
      <Execution id="8e230db9-7f5a-42e4-8b29-42a1df82342f" />
      <TestMethod codeBase="C:/Users/Diego/Documents/Visual Studio 2010/Projects/Uniprof/Tests/bin/Release/Tests.DLL" adapterTypeName="Microsoft.VisualStudio.TestTools.TestTypes.Unit.UnitTestAdapter, Microsoft.VisualStudio.QualityTools.Tips.UnitTest.Adapter, Version=10.0.0.0, Culture=neutral, PublicKeyToken=b03f5f7f11d50a3a" className="Tests.ListaPreciosTDGTest, Tests, Version=1.0.0.0, Culture=neutral, PublicKeyToken=null" name="cargarListaPrecioTest" />
    </UnitTest>
    <UnitTest name="grabarPrendaTest" storage="c:\users\diego\documents\visual studio 2010\projects\uniprof\tests\bin\release\tests.dll" id="47539572-8702-25fd-25db-bd0bdd8958b7">
      <Execution id="99e48e8f-17f9-4482-a134-cc248d2e9f76" />
      <TestMethod codeBase="C:/Users/Diego/Documents/Visual Studio 2010/Projects/Uniprof/Tests/bin/Release/Tests.DLL" adapterTypeName="Microsoft.VisualStudio.TestTools.TestTypes.Unit.UnitTestAdapter, Microsoft.VisualStudio.QualityTools.Tips.UnitTest.Adapter, Version=10.0.0.0, Culture=neutral, PublicKeyToken=b03f5f7f11d50a3a" className="Tests.TipoPrendaRepositorioTest, Tests, Version=1.0.0.0, Culture=neutral, PublicKeyToken=null" name="grabarPrendaTest" />
    </UnitTest>
    <UnitTest name="actualizarMovimientoTest" storage="c:\users\diego\documents\visual studio 2010\projects\uniprof\tests\bin\release\tests.dll" id="10b4c1e2-77e8-b6fe-ff2c-b75bd78a1790">
      <Execution id="a38a4e63-7119-4452-8e44-8faa30c5b0f8" />
      <TestMethod codeBase="C:/Users/Diego/Documents/Visual Studio 2010/Projects/Uniprof/Tests/bin/Release/Tests.DLL" adapterTypeName="Microsoft.VisualStudio.TestTools.TestTypes.Unit.UnitTestAdapter, Microsoft.VisualStudio.QualityTools.Tips.UnitTest.Adapter, Version=10.0.0.0, Culture=neutral, PublicKeyToken=b03f5f7f11d50a3a" className="Tests.MovimientoCuentaClienteRepositorioTest, Tests, Version=1.0.0.0, Culture=neutral, PublicKeyToken=null" name="actualizarMovimientoTest" />
    </UnitTest>
    <UnitTest name="listarArticulosPorDiseñoTest" storage="c:\users\diego\documents\visual studio 2010\projects\uniprof\tests\bin\release\tests.dll" id="16d2afdb-fcf6-6658-1d97-2e6156bb9c19">
      <Execution id="6a9a4f4c-4819-4a7c-bc1c-06f56ab24fb5" />
      <TestMethod codeBase="C:/Users/Diego/Documents/Visual Studio 2010/Projects/Uniprof/Tests/bin/Release/Tests.DLL" adapterTypeName="Microsoft.VisualStudio.TestTools.TestTypes.Unit.UnitTestAdapter, Microsoft.VisualStudio.QualityTools.Tips.UnitTest.Adapter, Version=10.0.0.0, Culture=neutral, PublicKeyToken=b03f5f7f11d50a3a" className="Tests.ArticuloBusinessTest, Tests, Version=1.0.0.0, Culture=neutral, PublicKeyToken=null" name="listarArticulosPorDiseñoTest" />
    </UnitTest>
    <UnitTest name="grabarNewsletterTest" storage="c:\users\diego\documents\visual studio 2010\projects\uniprof\tests\bin\release\tests.dll" id="ccb6e01a-8e1d-d753-d587-f8c1f14a9dc4">
      <Execution id="442ab711-586b-4d4a-b45e-49c246bd72f7" />
      <TestMethod codeBase="C:/Users/Diego/Documents/Visual Studio 2010/Projects/Uniprof/Tests/bin/Release/Tests.DLL" adapterTypeName="Microsoft.VisualStudio.TestTools.TestTypes.Unit.UnitTestAdapter, Microsoft.VisualStudio.QualityTools.Tips.UnitTest.Adapter, Version=10.0.0.0, Culture=neutral, PublicKeyToken=b03f5f7f11d50a3a" className="Tests.NewsletterRepositorioTest, Tests, Version=1.0.0.0, Culture=neutral, PublicKeyToken=null" name="grabarNewsletterTest" />
    </UnitTest>
    <UnitTest name="buscarOperadoresConRestriccionesTest" storage="c:\users\diego\documents\visual studio 2010\projects\uniprof\tests\bin\release\tests.dll" id="8e175a1e-ad15-cbe9-eb2b-34d47332acea">
      <Execution id="1c1402cf-386e-4db0-8f9b-15060aee7a9b" />
      <TestMethod codeBase="C:/Users/Diego/Documents/Visual Studio 2010/Projects/Uniprof/Tests/bin/Release/Tests.DLL" adapterTypeName="Microsoft.VisualStudio.TestTools.TestTypes.Unit.UnitTestAdapter, Microsoft.VisualStudio.QualityTools.Tips.UnitTest.Adapter, Version=10.0.0.0, Culture=neutral, PublicKeyToken=b03f5f7f11d50a3a" className="Tests.OperadorTDGTest, Tests, Version=1.0.0.0, Culture=neutral, PublicKeyToken=null" name="buscarOperadoresConRestriccionesTest" />
    </UnitTest>
    <UnitTest name="buscarNewsletterPorIDTest" storage="c:\users\diego\documents\visual studio 2010\projects\uniprof\tests\bin\release\tests.dll" id="132dbdad-c767-c70b-4154-f7166132216a">
      <Execution id="90b6b89f-c34b-4d25-8b3c-ee351debb2db" />
      <TestMethod codeBase="C:/Users/Diego/Documents/Visual Studio 2010/Projects/Uniprof/Tests/bin/Release/Tests.DLL" adapterTypeName="Microsoft.VisualStudio.TestTools.TestTypes.Unit.UnitTestAdapter, Microsoft.VisualStudio.QualityTools.Tips.UnitTest.Adapter, Version=10.0.0.0, Culture=neutral, PublicKeyToken=b03f5f7f11d50a3a" className="Tests.NewsletterTDGTest, Tests, Version=1.0.0.0, Culture=neutral, PublicKeyToken=null" name="buscarNewsletterPorIDTest" />
    </UnitTest>
    <UnitTest name="buscarEstadosPorIdTest" storage="c:\users\diego\documents\visual studio 2010\projects\uniprof\tests\bin\release\tests.dll" id="9abfd9c9-a69f-e14e-a283-753aea9711be">
      <Execution id="d4d810af-45b1-4702-972b-3924d2b04484" />
      <TestMethod codeBase="C:/Users/Diego/Documents/Visual Studio 2010/Projects/Uniprof/Tests/bin/Release/Tests.DLL" adapterTypeName="Microsoft.VisualStudio.TestTools.TestTypes.Unit.UnitTestAdapter, Microsoft.VisualStudio.QualityTools.Tips.UnitTest.Adapter, Version=10.0.0.0, Culture=neutral, PublicKeyToken=b03f5f7f11d50a3a" className="Tests.EstadoDiseñoTDGTest, Tests, Version=1.0.0.0, Culture=neutral, PublicKeyToken=null" name="buscarEstadosPorIdTest" />
    </UnitTest>
    <UnitTest name="borrarLineaTest" storage="c:\users\diego\documents\visual studio 2010\projects\uniprof\tests\bin\release\tests.dll" id="1e112e87-ecd4-bbc8-5f74-eb12a4718023">
      <Execution id="671283dc-1919-4731-b0ad-7ba5f1d086ec" />
      <TestMethod codeBase="C:/Users/Diego/Documents/Visual Studio 2010/Projects/Uniprof/Tests/bin/Release/Tests.DLL" adapterTypeName="Microsoft.VisualStudio.TestTools.TestTypes.Unit.UnitTestAdapter, Microsoft.VisualStudio.QualityTools.Tips.UnitTest.Adapter, Version=10.0.0.0, Culture=neutral, PublicKeyToken=b03f5f7f11d50a3a" className="Tests.LineaFacturaTDGTest, Tests, Version=1.0.0.0, Culture=neutral, PublicKeyToken=null" name="borrarLineaTest" />
    </UnitTest>
    <UnitTest name="cargarOrdenConRestriccionesTest" storage="c:\users\diego\documents\visual studio 2010\projects\uniprof\tests\bin\release\tests.dll" id="3022c4e6-888b-2dda-b879-e60c04b5e600">
      <Execution id="5f8b29b9-3141-442d-997b-17ca0fc7aa67" />
      <TestMethod codeBase="C:/Users/Diego/Documents/Visual Studio 2010/Projects/Uniprof/Tests/bin/Release/Tests.DLL" adapterTypeName="Microsoft.VisualStudio.TestTools.TestTypes.Unit.UnitTestAdapter, Microsoft.VisualStudio.QualityTools.Tips.UnitTest.Adapter, Version=10.0.0.0, Culture=neutral, PublicKeyToken=b03f5f7f11d50a3a" className="Tests.OrdenDeCompraTDGTest, Tests, Version=1.0.0.0, Culture=neutral, PublicKeyToken=null" name="cargarOrdenConRestriccionesTest" />
    </UnitTest>
    <UnitTest name="cargarOrdenesDeComprasTest" storage="c:\users\diego\documents\visual studio 2010\projects\uniprof\tests\bin\release\tests.dll" id="d40feea3-8180-d822-1bc4-ef1286a37118">
      <Execution id="56f2e78c-dd22-44f8-9648-2684acb11052" />
      <TestMethod codeBase="C:/Users/Diego/Documents/Visual Studio 2010/Projects/Uniprof/Tests/bin/Release/Tests.DLL" adapterTypeName="Microsoft.VisualStudio.TestTools.TestTypes.Unit.UnitTestAdapter, Microsoft.VisualStudio.QualityTools.Tips.UnitTest.Adapter, Version=10.0.0.0, Culture=neutral, PublicKeyToken=b03f5f7f11d50a3a" className="Tests.OrdenDeCompraTDGTest, Tests, Version=1.0.0.0, Culture=neutral, PublicKeyToken=null" name="cargarOrdenesDeComprasTest" />
    </UnitTest>
    <UnitTest name="grabarInsumoTest" storage="c:\users\diego\documents\visual studio 2010\projects\uniprof\tests\bin\release\tests.dll" id="67103975-0d80-6dc0-3e73-31c64db0977f">
      <Execution id="a610442e-b58b-4bba-96be-be1fe5cb2685" />
      <TestMethod codeBase="C:/Users/Diego/Documents/Visual Studio 2010/Projects/Uniprof/Tests/bin/Release/Tests.DLL" adapterTypeName="Microsoft.VisualStudio.TestTools.TestTypes.Unit.UnitTestAdapter, Microsoft.VisualStudio.QualityTools.Tips.UnitTest.Adapter, Version=10.0.0.0, Culture=neutral, PublicKeyToken=b03f5f7f11d50a3a" className="Tests.InsumoBusinessTest, Tests, Version=1.0.0.0, Culture=neutral, PublicKeyToken=null" name="grabarInsumoTest" />
    </UnitTest>
    <UnitTest name="listarProduccionPorMaquinaTest" storage="c:\users\diego\documents\visual studio 2010\projects\uniprof\tests\bin\release\tests.dll" id="399698d6-d910-1ab1-d972-fb6aa80639ce">
      <Execution id="cc68c54c-cb86-4ed6-9aff-9d4e88eeb3a5" />
      <TestMethod codeBase="C:/Users/Diego/Documents/Visual Studio 2010/Projects/Uniprof/Tests/bin/Release/Tests.DLL" adapterTypeName="Microsoft.VisualStudio.TestTools.TestTypes.Unit.UnitTestAdapter, Microsoft.VisualStudio.QualityTools.Tips.UnitTest.Adapter, Version=10.0.0.0, Culture=neutral, PublicKeyToken=b03f5f7f11d50a3a" className="Tests.ProduccionRepositorioTest, Tests, Version=1.0.0.0, Culture=neutral, PublicKeyToken=null" name="listarProduccionPorMaquinaTest" />
    </UnitTest>
    <UnitTest name="modificarMensajeTest" storage="c:\users\diego\documents\visual studio 2010\projects\uniprof\tests\bin\release\tests.dll" id="dea2dc86-55fc-7dd0-68c2-4ac2d970ca43">
      <Execution id="033a943b-3a0f-4914-b840-271a666aebde" />
      <TestMethod codeBase="C:/Users/Diego/Documents/Visual Studio 2010/Projects/Uniprof/Tests/bin/Release/Tests.DLL" adapterTypeName="Microsoft.VisualStudio.TestTools.TestTypes.Unit.UnitTestAdapter, Microsoft.VisualStudio.QualityTools.Tips.UnitTest.Adapter, Version=10.0.0.0, Culture=neutral, PublicKeyToken=b03f5f7f11d50a3a" className="Tests.MensajeTDGTest, Tests, Version=1.0.0.0, Culture=neutral, PublicKeyToken=null" name="modificarMensajeTest" />
    </UnitTest>
    <UnitTest name="calcularDistanciaEntreTrabajosTest4" storage="c:\users\diego\documents\visual studio 2010\projects\uniprof\tests\bin\release\tests.dll" id="db7e1c98-1137-e435-bbb3-bf8f5402bfbf">
      <Execution id="b9f19ac0-4e7e-4a19-a6b1-c90d6493bfb6" />
      <TestMethod codeBase="C:/Users/Diego/Documents/Visual Studio 2010/Projects/Uniprof/Tests/bin/Release/Tests.DLL" adapterTypeName="Microsoft.VisualStudio.TestTools.TestTypes.Unit.UnitTestAdapter, Microsoft.VisualStudio.QualityTools.Tips.UnitTest.Adapter, Version=10.0.0.0, Culture=neutral, PublicKeyToken=b03f5f7f11d50a3a" className="Tests.ProduccionBusinessTest, Tests, Version=1.0.0.0, Culture=neutral, PublicKeyToken=null" name="calcularDistanciaEntreTrabajosTest4" />
    </UnitTest>
    <UnitTest name="grabarTipoPedidosTest" storage="c:\users\diego\documents\visual studio 2010\projects\uniprof\tests\bin\release\tests.dll" id="c37440e9-11a5-99b5-8db4-69844a9128f1">
      <Execution id="91bb3aad-b155-45c6-a7bf-b3640491de94" />
      <TestMethod codeBase="C:/Users/Diego/Documents/Visual Studio 2010/Projects/Uniprof/Tests/bin/Release/Tests.DLL" adapterTypeName="Microsoft.VisualStudio.TestTools.TestTypes.Unit.UnitTestAdapter, Microsoft.VisualStudio.QualityTools.Tips.UnitTest.Adapter, Version=10.0.0.0, Culture=neutral, PublicKeyToken=b03f5f7f11d50a3a" className="Tests.TipoPedidoTDGTest, Tests, Version=1.0.0.0, Culture=neutral, PublicKeyToken=null" name="grabarTipoPedidosTest" />
    </UnitTest>
    <UnitTest name="GuardarPedidoTest" storage="c:\users\diego\documents\visual studio 2010\projects\uniprof\tests\bin\release\tests.dll" id="4ab5b9e6-5b30-baa0-2e6d-fac9df442766">
      <Execution id="26d0b433-49f5-4390-8154-284627d63bc7" />
      <TestMethod codeBase="C:/Users/Diego/Documents/Visual Studio 2010/Projects/Uniprof/Tests/bin/Release/Tests.DLL" adapterTypeName="Microsoft.VisualStudio.TestTools.TestTypes.Unit.UnitTestAdapter, Microsoft.VisualStudio.QualityTools.Tips.UnitTest.Adapter, Version=10.0.0.0, Culture=neutral, PublicKeyToken=b03f5f7f11d50a3a" className="Tests.PedidoBusinessTest, Tests, Version=1.0.0.0, Culture=neutral, PublicKeyToken=null" name="GuardarPedidoTest" />
    </UnitTest>
    <UnitTest name="modificarListaPrecioTest" storage="c:\users\diego\documents\visual studio 2010\projects\uniprof\tests\bin\release\tests.dll" id="5e0dec84-1eed-840d-bf51-237b2ddbdebf">
      <Execution id="4a7f30c2-2670-4165-9e60-9ac1ca248bfe" />
      <TestMethod codeBase="C:/Users/Diego/Documents/Visual Studio 2010/Projects/Uniprof/Tests/bin/Release/Tests.DLL" adapterTypeName="Microsoft.VisualStudio.TestTools.TestTypes.Unit.UnitTestAdapter, Microsoft.VisualStudio.QualityTools.Tips.UnitTest.Adapter, Version=10.0.0.0, Culture=neutral, PublicKeyToken=b03f5f7f11d50a3a" className="Tests.ListaPreciosTDGTest, Tests, Version=1.0.0.0, Culture=neutral, PublicKeyToken=null" name="modificarListaPrecioTest" />
    </UnitTest>
    <UnitTest name="listarMovimientosTest" storage="c:\users\diego\documents\visual studio 2010\projects\uniprof\tests\bin\release\tests.dll" id="cf88dd92-747e-1a79-8f2c-fc0e3f9b0004">
      <Execution id="36a7c4e7-883b-4a94-949c-1b4e57738917" />
      <TestMethod codeBase="C:/Users/Diego/Documents/Visual Studio 2010/Projects/Uniprof/Tests/bin/Release/Tests.DLL" adapterTypeName="Microsoft.VisualStudio.TestTools.TestTypes.Unit.UnitTestAdapter, Microsoft.VisualStudio.QualityTools.Tips.UnitTest.Adapter, Version=10.0.0.0, Culture=neutral, PublicKeyToken=b03f5f7f11d50a3a" className="Tests.MovimientoClienteBusinessTest, Tests, Version=1.0.0.0, Culture=neutral, PublicKeyToken=null" name="listarMovimientosTest" />
    </UnitTest>
    <UnitTest name="grabarLineaTest" storage="c:\users\diego\documents\visual studio 2010\projects\uniprof\tests\bin\release\tests.dll" id="92b34578-8935-0a46-8dd9-4af3ba2aba99">
      <Execution id="dc9ec83e-bd25-4ac8-b959-4275bd410f59" />
      <TestMethod codeBase="C:/Users/Diego/Documents/Visual Studio 2010/Projects/Uniprof/Tests/bin/Release/Tests.DLL" adapterTypeName="Microsoft.VisualStudio.TestTools.TestTypes.Unit.UnitTestAdapter, Microsoft.VisualStudio.QualityTools.Tips.UnitTest.Adapter, Version=10.0.0.0, Culture=neutral, PublicKeyToken=b03f5f7f11d50a3a" className="Tests.LineaOrdenDeCompraTDGTest, Tests, Version=1.0.0.0, Culture=neutral, PublicKeyToken=null" name="grabarLineaTest" />
    </UnitTest>
    <UnitTest name="GrabarDiseñoTest" storage="c:\users\diego\documents\visual studio 2010\projects\uniprof\tests\bin\release\tests.dll" id="a914285b-c2e0-dbc2-f99c-c0b34bf25408">
      <Execution id="090ec070-0390-4b41-84ae-8d5a549fd72e" />
      <TestMethod codeBase="C:/Users/Diego/Documents/Visual Studio 2010/Projects/Uniprof/Tests/bin/Release/Tests.DLL" adapterTypeName="Microsoft.VisualStudio.TestTools.TestTypes.Unit.UnitTestAdapter, Microsoft.VisualStudio.QualityTools.Tips.UnitTest.Adapter, Version=10.0.0.0, Culture=neutral, PublicKeyToken=b03f5f7f11d50a3a" className="Tests.DiseñoRepositorioTest, Tests, Version=1.0.0.0, Culture=neutral, PublicKeyToken=null" name="GrabarDiseñoTest" />
    </UnitTest>
    <UnitTest name="listarArticulosTest" storage="c:\users\diego\documents\visual studio 2010\projects\uniprof\tests\bin\release\tests.dll" id="353a1d2f-a022-ae0b-e495-9424c7779e0c">
      <Execution id="9a0f427e-87c6-420b-bb70-91a2b41935b7" />
      <TestMethod codeBase="C:/Users/Diego/Documents/Visual Studio 2010/Projects/Uniprof/Tests/bin/Release/Tests.DLL" adapterTypeName="Microsoft.VisualStudio.TestTools.TestTypes.Unit.UnitTestAdapter, Microsoft.VisualStudio.QualityTools.Tips.UnitTest.Adapter, Version=10.0.0.0, Culture=neutral, PublicKeyToken=b03f5f7f11d50a3a" className="Tests.ArticuloRepositorioTest, Tests, Version=1.0.0.0, Culture=neutral, PublicKeyToken=null" name="listarArticulosTest" />
    </UnitTest>
    <UnitTest name="buscarProveedoresPorNombreTest" storage="c:\users\diego\documents\visual studio 2010\projects\uniprof\tests\bin\release\tests.dll" id="e97e5cde-c25e-cb0e-69db-a3582bc2ca43">
      <Execution id="ebad7d16-3993-4629-bcc4-8906c3b61619" />
      <TestMethod codeBase="C:/Users/Diego/Documents/Visual Studio 2010/Projects/Uniprof/Tests/bin/Release/Tests.DLL" adapterTypeName="Microsoft.VisualStudio.TestTools.TestTypes.Unit.UnitTestAdapter, Microsoft.VisualStudio.QualityTools.Tips.UnitTest.Adapter, Version=10.0.0.0, Culture=neutral, PublicKeyToken=b03f5f7f11d50a3a" className="Tests.ProveedorBusinessTest, Tests, Version=1.0.0.0, Culture=neutral, PublicKeyToken=null" name="buscarProveedoresPorNombreTest" />
    </UnitTest>
    <UnitTest name="listarOrdenDeComprasPorProveedorTest" storage="c:\users\diego\documents\visual studio 2010\projects\uniprof\tests\bin\release\tests.dll" id="bc6fbc6a-1040-2a7b-d37a-1937b6e2fa50">
      <Execution id="bf812c9f-adef-4bfd-90dc-ffcface7f927" />
      <TestMethod codeBase="C:/Users/Diego/Documents/Visual Studio 2010/Projects/Uniprof/Tests/bin/Release/Tests.DLL" adapterTypeName="Microsoft.VisualStudio.TestTools.TestTypes.Unit.UnitTestAdapter, Microsoft.VisualStudio.QualityTools.Tips.UnitTest.Adapter, Version=10.0.0.0, Culture=neutral, PublicKeyToken=b03f5f7f11d50a3a" className="Tests.OrdenCompraRepositorioTest, Tests, Version=1.0.0.0, Culture=neutral, PublicKeyToken=null" name="listarOrdenDeComprasPorProveedorTest" />
    </UnitTest>
    <UnitTest name="borrarProveedorTest" storage="c:\users\diego\documents\visual studio 2010\projects\uniprof\tests\bin\release\tests.dll" id="4cc6b71b-462c-2bdc-f536-28b4d3d30de5">
      <Execution id="8fd37318-7667-49ec-a070-b8035360e1e6" />
      <TestMethod codeBase="C:/Users/Diego/Documents/Visual Studio 2010/Projects/Uniprof/Tests/bin/Release/Tests.DLL" adapterTypeName="Microsoft.VisualStudio.TestTools.TestTypes.Unit.UnitTestAdapter, Microsoft.VisualStudio.QualityTools.Tips.UnitTest.Adapter, Version=10.0.0.0, Culture=neutral, PublicKeyToken=b03f5f7f11d50a3a" className="Tests.ProveedorTDGTest, Tests, Version=1.0.0.0, Culture=neutral, PublicKeyToken=null" name="borrarProveedorTest" />
    </UnitTest>
    <UnitTest name="grabarListaPrecioTest" storage="c:\users\diego\documents\visual studio 2010\projects\uniprof\tests\bin\release\tests.dll" id="0a8df61c-a62f-1c66-059f-875171321588">
      <Execution id="241e9e1b-c622-41af-86a6-4ee8d2ef9fe2" />
      <TestMethod codeBase="C:/Users/Diego/Documents/Visual Studio 2010/Projects/Uniprof/Tests/bin/Release/Tests.DLL" adapterTypeName="Microsoft.VisualStudio.TestTools.TestTypes.Unit.UnitTestAdapter, Microsoft.VisualStudio.QualityTools.Tips.UnitTest.Adapter, Version=10.0.0.0, Culture=neutral, PublicKeyToken=b03f5f7f11d50a3a" className="Tests.ListaPreciosTDGTest, Tests, Version=1.0.0.0, Culture=neutral, PublicKeyToken=null" name="grabarListaPrecioTest" />
    </UnitTest>
    <UnitTest name="buscarTipoPedidosTest" storage="c:\users\diego\documents\visual studio 2010\projects\uniprof\tests\bin\release\tests.dll" id="f6ab254b-b89e-8f66-b003-59dd11d22e62">
      <Execution id="d2cebf25-30a0-427d-97d5-845dcbac1bfc" />
      <TestMethod codeBase="C:/Users/Diego/Documents/Visual Studio 2010/Projects/Uniprof/Tests/bin/Release/Tests.DLL" adapterTypeName="Microsoft.VisualStudio.TestTools.TestTypes.Unit.UnitTestAdapter, Microsoft.VisualStudio.QualityTools.Tips.UnitTest.Adapter, Version=10.0.0.0, Culture=neutral, PublicKeyToken=b03f5f7f11d50a3a" className="Tests.TipoPedidoTDGTest, Tests, Version=1.0.0.0, Culture=neutral, PublicKeyToken=null" name="buscarTipoPedidosTest" />
    </UnitTest>
    <UnitTest name="listarOrdenDeComprasPorMovimientoTest" storage="c:\users\diego\documents\visual studio 2010\projects\uniprof\tests\bin\release\tests.dll" id="046d8853-4c4a-6ed7-e6b4-7cfe78d48668">
      <Execution id="256eb2b1-9c71-41f1-b5d7-bdc5d736f0eb" />
      <TestMethod codeBase="C:/Users/Diego/Documents/Visual Studio 2010/Projects/Uniprof/Tests/bin/Release/Tests.DLL" adapterTypeName="Microsoft.VisualStudio.TestTools.TestTypes.Unit.UnitTestAdapter, Microsoft.VisualStudio.QualityTools.Tips.UnitTest.Adapter, Version=10.0.0.0, Culture=neutral, PublicKeyToken=b03f5f7f11d50a3a" className="Tests.OrdenCompraBusinessTest, Tests, Version=1.0.0.0, Culture=neutral, PublicKeyToken=null" name="listarOrdenDeComprasPorMovimientoTest" />
    </UnitTest>
    <UnitTest name="borrarMovimientosClienteTest" storage="c:\users\diego\documents\visual studio 2010\projects\uniprof\tests\bin\release\tests.dll" id="4128c841-fbe4-5443-0039-ee6ab9d8480a">
      <Execution id="7376fb15-5f55-4483-b993-cf16a3e173db" />
      <TestMethod codeBase="C:/Users/Diego/Documents/Visual Studio 2010/Projects/Uniprof/Tests/bin/Release/Tests.DLL" adapterTypeName="Microsoft.VisualStudio.TestTools.TestTypes.Unit.UnitTestAdapter, Microsoft.VisualStudio.QualityTools.Tips.UnitTest.Adapter, Version=10.0.0.0, Culture=neutral, PublicKeyToken=b03f5f7f11d50a3a" className="Tests.MovimientoCuentaClienteTDGTest, Tests, Version=1.0.0.0, Culture=neutral, PublicKeyToken=null" name="borrarMovimientosClienteTest" />
    </UnitTest>
    <UnitTest name="actualizaOrdenDeCompraTest" storage="c:\users\diego\documents\visual studio 2010\projects\uniprof\tests\bin\release\tests.dll" id="b2564a1d-a5df-de1a-d3dd-41d0e33b00f4">
      <Execution id="2acfcd5b-a576-448b-9d44-1d88569ac140" />
      <TestMethod codeBase="C:/Users/Diego/Documents/Visual Studio 2010/Projects/Uniprof/Tests/bin/Release/Tests.DLL" adapterTypeName="Microsoft.VisualStudio.TestTools.TestTypes.Unit.UnitTestAdapter, Microsoft.VisualStudio.QualityTools.Tips.UnitTest.Adapter, Version=10.0.0.0, Culture=neutral, PublicKeyToken=b03f5f7f11d50a3a" className="Tests.OrdenCompraRepositorioTest, Tests, Version=1.0.0.0, Culture=neutral, PublicKeyToken=null" name="actualizaOrdenDeCompraTest" />
    </UnitTest>
    <UnitTest name="buscarEstadosPorIdTest" storage="c:\users\diego\documents\visual studio 2010\projects\uniprof\tests\bin\release\tests.dll" id="f384b49a-3778-3092-73a3-70a68b63c811">
      <Execution id="458659a9-9ef5-43bc-8a8d-ca873eb81635" />
      <TestMethod codeBase="C:/Users/Diego/Documents/Visual Studio 2010/Projects/Uniprof/Tests/bin/Release/Tests.DLL" adapterTypeName="Microsoft.VisualStudio.TestTools.TestTypes.Unit.UnitTestAdapter, Microsoft.VisualStudio.QualityTools.Tips.UnitTest.Adapter, Version=10.0.0.0, Culture=neutral, PublicKeyToken=b03f5f7f11d50a3a" className="Tests.EstadoTrabajoTDGTest, Tests, Version=1.0.0.0, Culture=neutral, PublicKeyToken=null" name="buscarEstadosPorIdTest" />
    </UnitTest>
    <UnitTest name="buscarPorIdTest" storage="c:\users\diego\documents\visual studio 2010\projects\uniprof\tests\bin\release\tests.dll" id="77619216-98fe-f01d-d92b-ae2614d5a7c1">
      <Execution id="7b617a61-7ec5-4963-aa20-81810e5988a4" />
      <TestMethod codeBase="C:/Users/Diego/Documents/Visual Studio 2010/Projects/Uniprof/Tests/bin/Release/Tests.DLL" adapterTypeName="Microsoft.VisualStudio.TestTools.TestTypes.Unit.UnitTestAdapter, Microsoft.VisualStudio.QualityTools.Tips.UnitTest.Adapter, Version=10.0.0.0, Culture=neutral, PublicKeyToken=b03f5f7f11d50a3a" className="Tests.TipoMovimientoTDGTest, Tests, Version=1.0.0.0, Culture=neutral, PublicKeyToken=null" name="buscarPorIdTest" />
    </UnitTest>
    <UnitTest name="buscarPorDescripcionTest" storage="c:\users\diego\documents\visual studio 2010\projects\uniprof\tests\bin\release\tests.dll" id="5c85b597-4b7a-176d-3dac-461f2d66fe1b">
      <Execution id="2cabf1f9-95d5-4d05-8bbb-0b6f719eef68" />
      <TestMethod codeBase="C:/Users/Diego/Documents/Visual Studio 2010/Projects/Uniprof/Tests/bin/Release/Tests.DLL" adapterTypeName="Microsoft.VisualStudio.TestTools.TestTypes.Unit.UnitTestAdapter, Microsoft.VisualStudio.QualityTools.Tips.UnitTest.Adapter, Version=10.0.0.0, Culture=neutral, PublicKeyToken=b03f5f7f11d50a3a" className="Tests.ProveedorTDGTest, Tests, Version=1.0.0.0, Culture=neutral, PublicKeyToken=null" name="buscarPorDescripcionTest" />
    </UnitTest>
    <UnitTest name="listarOpinionesPorMailTest" storage="c:\users\diego\documents\visual studio 2010\projects\uniprof\tests\bin\release\tests.dll" id="be2975a5-16cf-8b54-0e33-59e4bc6c38a6">
      <Execution id="3a90f875-4377-46fc-b1b1-9d2f6a269361" />
      <TestMethod codeBase="C:/Users/Diego/Documents/Visual Studio 2010/Projects/Uniprof/Tests/bin/Release/Tests.DLL" adapterTypeName="Microsoft.VisualStudio.TestTools.TestTypes.Unit.UnitTestAdapter, Microsoft.VisualStudio.QualityTools.Tips.UnitTest.Adapter, Version=10.0.0.0, Culture=neutral, PublicKeyToken=b03f5f7f11d50a3a" className="Tests.OpinionRepositorioTest, Tests, Version=1.0.0.0, Culture=neutral, PublicKeyToken=null" name="listarOpinionesPorMailTest" />
    </UnitTest>
    <UnitTest name="grabarMovimientosTest" storage="c:\users\diego\documents\visual studio 2010\projects\uniprof\tests\bin\release\tests.dll" id="7ef8ab41-162c-76bc-02f7-a575f043f7e4">
      <Execution id="9e8a10b0-e82d-446a-8170-028279bfa92a" />
      <TestMethod codeBase="C:/Users/Diego/Documents/Visual Studio 2010/Projects/Uniprof/Tests/bin/Release/Tests.DLL" adapterTypeName="Microsoft.VisualStudio.TestTools.TestTypes.Unit.UnitTestAdapter, Microsoft.VisualStudio.QualityTools.Tips.UnitTest.Adapter, Version=10.0.0.0, Culture=neutral, PublicKeyToken=b03f5f7f11d50a3a" className="Tests.MovimientoStockTDGTest, Tests, Version=1.0.0.0, Culture=neutral, PublicKeyToken=null" name="grabarMovimientosTest" />
    </UnitTest>
    <UnitTest name="buscarTodoTest" storage="c:\users\diego\documents\visual studio 2010\projects\uniprof\tests\bin\release\tests.dll" id="5136f8bc-ea30-8e7a-77a2-f46a924db348">
      <Execution id="97d9c44f-15b1-40fc-a835-e6ba3378b549" />
      <TestMethod codeBase="C:/Users/Diego/Documents/Visual Studio 2010/Projects/Uniprof/Tests/bin/Release/Tests.DLL" adapterTypeName="Microsoft.VisualStudio.TestTools.TestTypes.Unit.UnitTestAdapter, Microsoft.VisualStudio.QualityTools.Tips.UnitTest.Adapter, Version=10.0.0.0, Culture=neutral, PublicKeyToken=b03f5f7f11d50a3a" className="Tests.ProveedorTDGTest, Tests, Version=1.0.0.0, Culture=neutral, PublicKeyToken=null" name="buscarTodoTest" />
    </UnitTest>
    <UnitTest name="cargarFamiliasTest" storage="c:\users\diego\documents\visual studio 2010\projects\uniprof\tests\bin\release\tests.dll" id="6b7c36cd-44f4-1879-c115-f544d495b61e">
      <Execution id="ab223c73-b75c-4491-adf6-8212d4c78578" />
      <TestMethod codeBase="C:/Users/Diego/Documents/Visual Studio 2010/Projects/Uniprof/Tests/bin/Release/Tests.DLL" adapterTypeName="Microsoft.VisualStudio.TestTools.TestTypes.Unit.UnitTestAdapter, Microsoft.VisualStudio.QualityTools.Tips.UnitTest.Adapter, Version=10.0.0.0, Culture=neutral, PublicKeyToken=b03f5f7f11d50a3a" className="Tests.PatenteTDGTest, Tests, Version=1.0.0.0, Culture=neutral, PublicKeyToken=null" name="cargarFamiliasTest" />
    </UnitTest>
    <UnitTest name="actualizarTipoPrendaTest" storage="c:\users\diego\documents\visual studio 2010\projects\uniprof\tests\bin\release\tests.dll" id="1fb18ed6-06da-35e1-ec67-5275eec70993">
      <Execution id="8ead172d-3928-4a8f-9220-2ed6cf5acef9" />
      <TestMethod codeBase="C:/Users/Diego/Documents/Visual Studio 2010/Projects/Uniprof/Tests/bin/Release/Tests.DLL" adapterTypeName="Microsoft.VisualStudio.TestTools.TestTypes.Unit.UnitTestAdapter, Microsoft.VisualStudio.QualityTools.Tips.UnitTest.Adapter, Version=10.0.0.0, Culture=neutral, PublicKeyToken=b03f5f7f11d50a3a" className="Tests.TipoPrendaBusinessTest, Tests, Version=1.0.0.0, Culture=neutral, PublicKeyToken=null" name="actualizarTipoPrendaTest" />
    </UnitTest>
    <UnitTest name="modificarUsuarioTest" storage="c:\users\diego\documents\visual studio 2010\projects\uniprof\tests\bin\release\tests.dll" id="1cbe2801-d19a-9274-15f8-0dba46344245">
      <Execution id="42e559a0-2451-4b05-82e4-781cc2cd31c2" />
      <TestMethod codeBase="C:/Users/Diego/Documents/Visual Studio 2010/Projects/Uniprof/Tests/bin/Release/Tests.DLL" adapterTypeName="Microsoft.VisualStudio.TestTools.TestTypes.Unit.UnitTestAdapter, Microsoft.VisualStudio.QualityTools.Tips.UnitTest.Adapter, Version=10.0.0.0, Culture=neutral, PublicKeyToken=b03f5f7f11d50a3a" className="Tests.UsuarioBusinessTest, Tests, Version=1.0.0.0, Culture=neutral, PublicKeyToken=null" name="modificarUsuarioTest" />
    </UnitTest>
    <UnitTest name="cargarLineasPorOrdenDeCompraTest" storage="c:\users\diego\documents\visual studio 2010\projects\uniprof\tests\bin\release\tests.dll" id="5ffe0bd0-6148-b429-44ab-e9d370687b86">
      <Execution id="f5504ed9-0116-485f-a9cc-547b7454fed9" />
      <TestMethod codeBase="C:/Users/Diego/Documents/Visual Studio 2010/Projects/Uniprof/Tests/bin/Release/Tests.DLL" adapterTypeName="Microsoft.VisualStudio.TestTools.TestTypes.Unit.UnitTestAdapter, Microsoft.VisualStudio.QualityTools.Tips.UnitTest.Adapter, Version=10.0.0.0, Culture=neutral, PublicKeyToken=b03f5f7f11d50a3a" className="Tests.LineaOrdenCompraRepositorioTest, Tests, Version=1.0.0.0, Culture=neutral, PublicKeyToken=null" name="cargarLineasPorOrdenDeCompraTest" />
    </UnitTest>
    <UnitTest name="grabarHistoricoEstadosTest" storage="c:\users\diego\documents\visual studio 2010\projects\uniprof\tests\bin\release\tests.dll" id="3f81de19-4fde-6528-9e0d-cf576c0d46aa">
      <Execution id="7d2d1e76-b7ac-489c-a999-2dbe97f81ceb" />
      <TestMethod codeBase="C:/Users/Diego/Documents/Visual Studio 2010/Projects/Uniprof/Tests/bin/Release/Tests.DLL" adapterTypeName="Microsoft.VisualStudio.TestTools.TestTypes.Unit.UnitTestAdapter, Microsoft.VisualStudio.QualityTools.Tips.UnitTest.Adapter, Version=10.0.0.0, Culture=neutral, PublicKeyToken=b03f5f7f11d50a3a" className="Tests.HistoricoEstadosPedidoTDGTest, Tests, Version=1.0.0.0, Culture=neutral, PublicKeyToken=null" name="grabarHistoricoEstadosTest" />
    </UnitTest>
    <UnitTest name="buscarPrendasTest" storage="c:\users\diego\documents\visual studio 2010\projects\uniprof\tests\bin\release\tests.dll" id="4b2e2241-5ba0-4bf3-a87c-c3b9957ec404">
      <Execution id="952cb359-4ddf-4163-84ad-cb5ff64fcca4" />
      <TestMethod codeBase="C:/Users/Diego/Documents/Visual Studio 2010/Projects/Uniprof/Tests/bin/Release/Tests.DLL" adapterTypeName="Microsoft.VisualStudio.TestTools.TestTypes.Unit.UnitTestAdapter, Microsoft.VisualStudio.QualityTools.Tips.UnitTest.Adapter, Version=10.0.0.0, Culture=neutral, PublicKeyToken=b03f5f7f11d50a3a" className="Tests.TipoPrendaTDGTest, Tests, Version=1.0.0.0, Culture=neutral, PublicKeyToken=null" name="buscarPrendasTest" />
    </UnitTest>
    <UnitTest name="grabarInsumoTest" storage="c:\users\diego\documents\visual studio 2010\projects\uniprof\tests\bin\release\tests.dll" id="653a7294-5203-6cdc-ff9d-6ea30ca26aa9">
      <Execution id="b5aad5b8-93f7-478d-9614-d267608c8a1c" />
      <TestMethod codeBase="C:/Users/Diego/Documents/Visual Studio 2010/Projects/Uniprof/Tests/bin/Release/Tests.DLL" adapterTypeName="Microsoft.VisualStudio.TestTools.TestTypes.Unit.UnitTestAdapter, Microsoft.VisualStudio.QualityTools.Tips.UnitTest.Adapter, Version=10.0.0.0, Culture=neutral, PublicKeyToken=b03f5f7f11d50a3a" className="Tests.InsumoRepositorioTest, Tests, Version=1.0.0.0, Culture=neutral, PublicKeyToken=null" name="grabarInsumoTest" />
    </UnitTest>
    <UnitTest name="actualizarTipoPrendaTest" storage="c:\users\diego\documents\visual studio 2010\projects\uniprof\tests\bin\release\tests.dll" id="d9bcf618-cd6c-c93c-87f9-e64f86f63590">
      <Execution id="c64f83b0-6bc7-4ac6-9674-67cac330fd56" />
      <TestMethod codeBase="C:/Users/Diego/Documents/Visual Studio 2010/Projects/Uniprof/Tests/bin/Release/Tests.DLL" adapterTypeName="Microsoft.VisualStudio.TestTools.TestTypes.Unit.UnitTestAdapter, Microsoft.VisualStudio.QualityTools.Tips.UnitTest.Adapter, Version=10.0.0.0, Culture=neutral, PublicKeyToken=b03f5f7f11d50a3a" className="Tests.TipoPrendaTDGTest, Tests, Version=1.0.0.0, Culture=neutral, PublicKeyToken=null" name="actualizarTipoPrendaTest" />
    </UnitTest>
    <UnitTest name="cargarMovimientosConRestriccionesTest" storage="c:\users\diego\documents\visual studio 2010\projects\uniprof\tests\bin\release\tests.dll" id="c736d05f-3776-7117-cc83-8e6ae9b75cf4">
      <Execution id="4cc6c5fc-71bd-4223-96d9-a08b41f93bbc" />
      <TestMethod codeBase="C:/Users/Diego/Documents/Visual Studio 2010/Projects/Uniprof/Tests/bin/Release/Tests.DLL" adapterTypeName="Microsoft.VisualStudio.TestTools.TestTypes.Unit.UnitTestAdapter, Microsoft.VisualStudio.QualityTools.Tips.UnitTest.Adapter, Version=10.0.0.0, Culture=neutral, PublicKeyToken=b03f5f7f11d50a3a" className="Tests.MovimientoCuentaClienteTDGTest, Tests, Version=1.0.0.0, Culture=neutral, PublicKeyToken=null" name="cargarMovimientosConRestriccionesTest" />
    </UnitTest>
    <UnitTest name="actualizarClienteTest" storage="c:\users\diego\documents\visual studio 2010\projects\uniprof\tests\bin\release\tests.dll" id="e4e7695e-eb86-2e17-0da3-82500c958fe2">
      <Execution id="5c5d37fc-af31-4f08-81b0-061991e308e1" />
      <TestMethod codeBase="C:/Users/Diego/Documents/Visual Studio 2010/Projects/Uniprof/Tests/bin/Release/Tests.DLL" adapterTypeName="Microsoft.VisualStudio.TestTools.TestTypes.Unit.UnitTestAdapter, Microsoft.VisualStudio.QualityTools.Tips.UnitTest.Adapter, Version=10.0.0.0, Culture=neutral, PublicKeyToken=b03f5f7f11d50a3a" className="Tests.UsuarioBusinessTest, Tests, Version=1.0.0.0, Culture=neutral, PublicKeyToken=null" name="actualizarClienteTest" />
    </UnitTest>
    <UnitTest name="borrarInsumoTest" storage="c:\users\diego\documents\visual studio 2010\projects\uniprof\tests\bin\release\tests.dll" id="5d5c620b-143e-df44-c141-574eca133b7a">
      <Execution id="5efd8d85-9206-4a6b-9638-1f88855280e0" />
      <TestMethod codeBase="C:/Users/Diego/Documents/Visual Studio 2010/Projects/Uniprof/Tests/bin/Release/Tests.DLL" adapterTypeName="Microsoft.VisualStudio.TestTools.TestTypes.Unit.UnitTestAdapter, Microsoft.VisualStudio.QualityTools.Tips.UnitTest.Adapter, Version=10.0.0.0, Culture=neutral, PublicKeyToken=b03f5f7f11d50a3a" className="Tests.InsumoTDGTest, Tests, Version=1.0.0.0, Culture=neutral, PublicKeyToken=null" name="borrarInsumoTest" />
    </UnitTest>
    <UnitTest name="cargarMaquinasConRestriccionesTest" storage="c:\users\diego\documents\visual studio 2010\projects\uniprof\tests\bin\release\tests.dll" id="c96dfb21-7af5-153f-a5d2-8445e5fcca59">
      <Execution id="6915415a-e807-4d57-8035-ebeeeec891b6" />
      <TestMethod codeBase="C:/Users/Diego/Documents/Visual Studio 2010/Projects/Uniprof/Tests/bin/Release/Tests.DLL" adapterTypeName="Microsoft.VisualStudio.TestTools.TestTypes.Unit.UnitTestAdapter, Microsoft.VisualStudio.QualityTools.Tips.UnitTest.Adapter, Version=10.0.0.0, Culture=neutral, PublicKeyToken=b03f5f7f11d50a3a" className="Tests.MaquinaTDGTest, Tests, Version=1.0.0.0, Culture=neutral, PublicKeyToken=null" name="cargarMaquinasConRestriccionesTest" />
    </UnitTest>
    <UnitTest name="cargarUsuarioConRestriccionesTest" storage="c:\users\diego\documents\visual studio 2010\projects\uniprof\tests\bin\release\tests.dll" id="a38bcda1-5217-b092-6b98-6582813fb5d1">
      <Execution id="d951bb1c-044c-4ef0-b6d3-e7bfe4529888" />
[...]
    </UnitTestResult>
    <UnitTestResult executionId="d21c053f-aff3-4cd3-ac6c-03c33f5fe338" testId="dd5a8b39-7328-3edd-3658-5787ac153d19" testName="actualizaFacturaTest" computerName="DIEGO-PC" testType="13cdc9d9-ddb5-4fa4-a97d-d965ccfc6d4b" outcome="NotExecuted" testListId="8c84fa94-04c1-424b-9868-57a2d4851a1d" relativeResultsDirectory="d21c053f-aff3-4cd3-ac6c-03c33f5fe338">
    </UnitTestResult>
    <UnitTestResult executionId="8ae99506-66d2-4b15-a47b-3fc56ae625b3" testId="dde12295-d4b5-9724-4e8c-04bf282ca24f" testName="buscarArticulosPorCodigoTest" computerName="DIEGO-PC" testType="13cdc9d9-ddb5-4fa4-a97d-d965ccfc6d4b" outcome="NotExecuted" testListId="8c84fa94-04c1-424b-9868-57a2d4851a1d" relativeResultsDirectory="8ae99506-66d2-4b15-a47b-3fc56ae625b3">
    </UnitTestResult>
    <UnitTestResult executionId="dac3bf0e-d750-4340-b096-cf03a435df13" testId="de04a58d-71f5-e1d1-1d14-e423a290a69c" testName="actualizarProduccionTest" computerName="DIEGO-PC" testType="13cdc9d9-ddb5-4fa4-a97d-d965ccfc6d4b" outcome="NotExecuted" testListId="8c84fa94-04c1-424b-9868-57a2d4851a1d" relativeResultsDirectory="dac3bf0e-d750-4340-b096-cf03a435df13">
    </UnitTestResult>
    <UnitTestResult executionId="033a943b-3a0f-4914-b840-271a666aebde" testId="dea2dc86-55fc-7dd0-68c2-4ac2d970ca43" testName="modificarMensajeTest" computerName="DIEGO-PC" testType="13cdc9d9-ddb5-4fa4-a97d-d965ccfc6d4b" outcome="NotExecuted" testListId="8c84fa94-04c1-424b-9868-57a2d4851a1d" relativeResultsDirectory="033a943b-3a0f-4914-b840-271a666aebde">
    </UnitTestResult>
    <UnitTestResult executionId="251ca2c8-f84f-40b7-8bd5-b7eeac9d9abd" testId="dfd17420-5a13-5744-e6d4-81c04e097642" testName="buscarPrendasPorIDTest" computerName="DIEGO-PC" testType="13cdc9d9-ddb5-4fa4-a97d-d965ccfc6d4b" outcome="NotExecuted" testListId="8c84fa94-04c1-424b-9868-57a2d4851a1d" relativeResultsDirectory="251ca2c8-f84f-40b7-8bd5-b7eeac9d9abd">
    </UnitTestResult>
    <UnitTestResult executionId="a57c9ddf-b8c6-4b88-bf45-f24c4d1d23fb" testId="e020cadd-bd50-d44d-30aa-ba2f497b2887" testName="borrarTest" computerName="DIEGO-PC" testType="13cdc9d9-ddb5-4fa4-a97d-d965ccfc6d4b" outcome="NotExecuted" testListId="8c84fa94-04c1-424b-9868-57a2d4851a1d" relativeResultsDirectory="a57c9ddf-b8c6-4b88-bf45-f24c4d1d23fb">
    </UnitTestResult>
    <UnitTestResult executionId="38eb11cd-c579-4beb-8b00-93ffe05b923f" testId="e02e0a67-6c2d-0c94-cb65-8df5b3dc5cea" testName="listarMovimientosTest" computerName="DIEGO-PC" testType="13cdc9d9-ddb5-4fa4-a97d-d965ccfc6d4b" outcome="NotExecuted" testListId="8c84fa94-04c1-424b-9868-57a2d4851a1d" relativeResultsDirectory="38eb11cd-c579-4beb-8b00-93ffe05b923f">
    </UnitTestResult>
    <UnitTestResult executionId="32d6c4e7-47e2-42b0-a2ff-6a15a5b351b0" testId="e174714d-b5ae-6791-7e05-a6dae00c0681" testName="buscarArticulosTest" computerName="DIEGO-PC" testType="13cdc9d9-ddb5-4fa4-a97d-d965ccfc6d4b" outcome="NotExecuted" testListId="8c84fa94-04c1-424b-9868-57a2d4851a1d" relativeResultsDirectory="32d6c4e7-47e2-42b0-a2ff-6a15a5b351b0">
    </UnitTestResult>
    <UnitTestResult executionId="a4c0d669-9c69-47a6-8401-3eaa3f575291" testId="e23387f5-cbe9-d2c5-d12c-23a1dbe2d390" testName="grabarFacturaTest" computerName="DIEGO-PC" testType="13cdc9d9-ddb5-4fa4-a97d-d965ccfc6d4b" outcome="NotExecuted" testListId="8c84fa94-04c1-424b-9868-57a2d4851a1d" relativeResultsDirectory="a4c0d669-9c69-47a6-8401-3eaa3f575291">
    </UnitTestResult>
    <UnitTestResult executionId="65f6ef01-14bd-4324-9a80-f2719ea38cf3" testId="e2347588-3d57-efa9-6d83-3dfd95e9941d" testName="buscarPorIdTest" computerName="DIEGO-PC" testType="13cdc9d9-ddb5-4fa4-a97d-d965ccfc6d4b" outcome="NotExecuted" testListId="8c84fa94-04c1-424b-9868-57a2d4851a1d" relativeResultsDirectory="65f6ef01-14bd-4324-9a80-f2719ea38cf3">
    </UnitTestResult>
    <UnitTestResult executionId="d25a0f47-4925-4a77-a211-a0fefe13bdf0" testId="e27be593-1d5d-4e60-f221-5154b5c9193c" testName="agregarPatenteTest" computerName="DIEGO-PC" testType="13cdc9d9-ddb5-4fa4-a97d-d965ccfc6d4b" outcome="NotExecuted" testListId="8c84fa94-04c1-424b-9868-57a2d4851a1d" relativeResultsDirectory="d25a0f47-4925-4a77-a211-a0fefe13bdf0">
    </UnitTestResult>
    <UnitTestResult executionId="b9b4558f-4427-469b-bbb4-ac673cd0e31a" testId="e337de86-0746-0ac2-0c5c-30365e74f01b" testName="saveTest" computerName="DIEGO-PC" testType="13cdc9d9-ddb5-4fa4-a97d-d965ccfc6d4b" outcome="NotExecuted" testListId="8c84fa94-04c1-424b-9868-57a2d4851a1d" relativeResultsDirectory="b9b4558f-4427-469b-bbb4-ac673cd0e31a">
    </UnitTestResult>
    <UnitTestResult executionId="e227910f-795d-4fdb-bed0-937794be5746" testId="e3b5610a-399f-d019-a8c3-fe5f24d0c8a6" testName="listarInsumosTest" computerName="DIEGO-PC" testType="13cdc9d9-ddb5-4fa4-a97d-d965ccfc6d4b" outcome="NotExecuted" testListId="8c84fa94-04c1-424b-9868-57a2d4851a1d" relativeResultsDirectory="e227910f-795d-4fdb-bed0-937794be5746">
    </UnitTestResult>
    <UnitTestResult executionId="a7e6476e-30db-4df4-9483-cd27dc7eaf4b" testId="e3f85f2f-8bca-7a73-722e-520143b3f21d" testName="buscarNewsletterParaEnviarTest" computerName="DIEGO-PC" testType="13cdc9d9-ddb5-4fa4-a97d-d965ccfc6d4b" outcome="NotExecuted" testListId="8c84fa94-04c1-424b-9868-57a2d4851a1d" relativeResultsDirectory="a7e6476e-30db-4df4-9483-cd27dc7eaf4b">
    </UnitTestResult>
    <UnitTestResult executionId="c13cf91c-c04c-4c25-84ee-af8b1ed90817" testId="e4b047bc-e01c-35c0-ab7e-ab1c5de8674f" testName="grabarFacturasTest" computerName="DIEGO-PC" testType="13cdc9d9-ddb5-4fa4-a97d-d965ccfc6d4b" outcome="NotExecuted" testListId="8c84fa94-04c1-424b-9868-57a2d4851a1d" relativeResultsDirectory="c13cf91c-c04c-4c25-84ee-af8b1ed90817">
    </UnitTestResult>
    <UnitTestResult executionId="5c5d37fc-af31-4f08-81b0-061991e308e1" testId="e4e7695e-eb86-2e17-0da3-82500c958fe2" testName="actualizarClienteTest" computerName="DIEGO-PC" testType="13cdc9d9-ddb5-4fa4-a97d-d965ccfc6d4b" outcome="NotExecuted" testListId="8c84fa94-04c1-424b-9868-57a2d4851a1d" relativeResultsDirectory="5c5d37fc-af31-4f08-81b0-061991e308e1">
    </UnitTestResult>
    <UnitTestResult executionId="8e5d461d-9be6-48ed-bf7d-9661d437dc79" testId="e4f43342-50bf-4878-e3d3-5afdaa2ddd37" testName="modificarMovimientosClienteTest" computerName="DIEGO-PC" testType="13cdc9d9-ddb5-4fa4-a97d-d965ccfc6d4b" outcome="NotExecuted" testListId="8c84fa94-04c1-424b-9868-57a2d4851a1d" relativeResultsDirectory="8e5d461d-9be6-48ed-bf7d-9661d437dc79">
    </UnitTestResult>
    <UnitTestResult executionId="1ad8a4e3-bce6-4e67-9026-7f4fd39ca1fe" testId="e64170f8-e36a-c642-d97d-54b6bb0553a6" testName="CargarClienteTest" computerName="DIEGO-PC" testType="13cdc9d9-ddb5-4fa4-a97d-d965ccfc6d4b" outcome="NotExecuted" testListId="8c84fa94-04c1-424b-9868-57a2d4851a1d" relativeResultsDirectory="1ad8a4e3-bce6-4e67-9026-7f4fd39ca1fe">
    </UnitTestResult>
    <UnitTestResult executionId="b42ea207-22f1-40a4-81ef-a036ec005c39" testId="e7af5983-4779-41b6-14d3-f05ee86282c2" testName="buscarNewsletterPorIdTest" computerName="DIEGO-PC" testType="13cdc9d9-ddb5-4fa4-a97d-d965ccfc6d4b" outcome="NotExecuted" testListId="8c84fa94-04c1-424b-9868-57a2d4851a1d" relativeResultsDirectory="b42ea207-22f1-40a4-81ef-a036ec005c39">
    </UnitTestResult>
    <UnitTestResult executionId="5f1e10bc-9ff6-4ccc-bf9a-ae97adaec968" testId="e8b1e8f2-7674-bb72-605f-9a7a2bc1bfee" testName="buscarColorConRestriccionesTest" computerName="DIEGO-PC" testType="13cdc9d9-ddb5-4fa4-a97d-d965ccfc6d4b" outcome="NotExecuted" testListId="8c84fa94-04c1-424b-9868-57a2d4851a1d" relativeResultsDirectory="5f1e10bc-9ff6-4ccc-bf9a-ae97adaec968">
    </UnitTestResult>
    <UnitTestResult executionId="ebad7d16-3993-4629-bcc4-8906c3b61619" testId="e97e5cde-c25e-cb0e-69db-a3582bc2ca43" testName="buscarProveedoresPorNombreTest" computerName="DIEGO-PC" testType="13cdc9d9-ddb5-4fa4-a97d-d965ccfc6d4b" outcome="NotExecuted" testListId="8c84fa94-04c1-424b-9868-57a2d4851a1d" relativeResultsDirectory="ebad7d16-3993-4629-bcc4-8906c3b61619">
    </UnitTestResult>
    <UnitTestResult executionId="070434e9-30ea-448d-b77b-d3707225a949" testId="e9b80469-e28c-1b2c-5a36-980b3cb0f728" testName="grabarLineaTest" computerName="DIEGO-PC" testType="13cdc9d9-ddb5-4fa4-a97d-d965ccfc6d4b" outcome="NotExecuted" testListId="8c84fa94-04c1-424b-9868-57a2d4851a1d" relativeResultsDirectory="070434e9-30ea-448d-b77b-d3707225a949">
    </UnitTestResult>
    <UnitTestResult executionId="a917d86d-29d7-473b-b22e-a9b2d15ab2c7" testId="ea022a26-3382-db95-b68b-60ac6f18deb0" testName="CargarClientesTest" computerName="DIEGO-PC" testType="13cdc9d9-ddb5-4fa4-a97d-d965ccfc6d4b" outcome="NotExecuted" testListId="8c84fa94-04c1-424b-9868-57a2d4851a1d" relativeResultsDirectory="a917d86d-29d7-473b-b22e-a9b2d15ab2c7">
    </UnitTestResult>
    <UnitTestResult executionId="9289cbc1-944a-40c8-8af5-6fed29f2ec7a" testId="eb042ce3-5f20-3d74-ebeb-88f3067e39ea" testName="cargarPedidoPorRestriccionesTest" computerName="DIEGO-PC" testType="13cdc9d9-ddb5-4fa4-a97d-d965ccfc6d4b" outcome="NotExecuted" testListId="8c84fa94-04c1-424b-9868-57a2d4851a1d" relativeResultsDirectory="9289cbc1-944a-40c8-8af5-6fed29f2ec7a">
    </UnitTestResult>
    <UnitTestResult executionId="21f09c23-7bab-49ef-9e25-cc56ab5ac057" testId="ecaad254-0b1d-a420-c28a-c8ca0ba7c959" testName="cargarUsuarioPorIdTest" computerName="DIEGO-PC" testType="13cdc9d9-ddb5-4fa4-a97d-d965ccfc6d4b" outcome="NotExecuted" testListId="8c84fa94-04c1-424b-9868-57a2d4851a1d" relativeResultsDirectory="21f09c23-7bab-49ef-9e25-cc56ab5ac057">
    </UnitTestResult>
    <UnitTestResult executionId="648ac8df-f152-4238-99a5-a99ca6ec2899" testId="ecabc92d-2f24-55b0-b16a-755e692c4e1a" testName="calcularFinalizacionTest2" computerName="DIEGO-PC" testType="13cdc9d9-ddb5-4fa4-a97d-d965ccfc6d4b" outcome="NotExecuted" testListId="8c84fa94-04c1-424b-9868-57a2d4851a1d" relativeResultsDirectory="648ac8df-f152-4238-99a5-a99ca6ec2899">
    </UnitTestResult>
    <UnitTestResult executionId="3f5a3d3d-a479-46ce-a409-896e45412955" testId="ecd27a0e-9f35-c43e-8c11-1b73255aae3c" testName="buscarColorTest" computerName="DIEGO-PC" testType="13cdc9d9-ddb5-4fa4-a97d-d965ccfc6d4b" outcome="NotExecuted" testListId="8c84fa94-04c1-424b-9868-57a2d4851a1d" relativeResultsDirectory="3f5a3d3d-a479-46ce-a409-896e45412955">
    </UnitTestResult>
    <UnitTestResult executionId="023be5c8-3176-438c-9664-985cf9544b31" testId="eda2ca79-f409-f699-6d33-a3da45e5d953" testName="listarOpinionesTest" computerName="DIEGO-PC" testType="13cdc9d9-ddb5-4fa4-a97d-d965ccfc6d4b" outcome="NotExecuted" testListId="8c84fa94-04c1-424b-9868-57a2d4851a1d" relativeResultsDirectory="023be5c8-3176-438c-9664-985cf9544b31">
    </UnitTestResult>
    <UnitTestResult executionId="1cde404f-d772-4e39-81f4-ebf53920dcb0" testId="edb7a5b7-9d9c-7fee-8224-ff9d0e654bf2" testName="grabarFamiliaTest" computerName="DIEGO-PC" testType="13cdc9d9-ddb5-4fa4-a97d-d965ccfc6d4b" outcome="NotExecuted" testListId="8c84fa94-04c1-424b-9868-57a2d4851a1d" relativeResultsDirectory="1cde404f-d772-4e39-81f4-ebf53920dcb0">
    </UnitTestResult>
    <UnitTestResult executionId="81b0c9d9-81c6-46aa-b388-bf63a59fe420" testId="ee5f9022-6777-7fb2-dcc5-530f17ab50c0" testName="borrarArticuloTest" computerName="DIEGO-PC" testType="13cdc9d9-ddb5-4fa4-a97d-d965ccfc6d4b" outcome="NotExecuted" testListId="8c84fa94-04c1-424b-9868-57a2d4851a1d" relativeResultsDirectory="81b0c9d9-81c6-46aa-b388-bf63a59fe420">
    </UnitTestResult>
    <UnitTestResult executionId="2fc0c0d8-1199-4454-94dd-ea0cb2093b3f" testId="ef762903-5f73-156d-4c6c-edbea7a556ad" testName="actualizarInsumoTest" computerName="DIEGO-PC" testType="13cdc9d9-ddb5-4fa4-a97d-d965ccfc6d4b" outcome="NotExecuted" testListId="8c84fa94-04c1-424b-9868-57a2d4851a1d" relativeResultsDirectory="2fc0c0d8-1199-4454-94dd-ea0cb2093b3f">
    </UnitTestResult>
    <UnitTestResult executionId="70a89d9a-5789-439c-a81a-ebfa9529a0ff" testId="f07288f5-2f3d-e939-3514-a642579a478e" testName="borrarFamiliaTest" computerName="DIEGO-PC" testType="13cdc9d9-ddb5-4fa4-a97d-d965ccfc6d4b" outcome="NotExecuted" testListId="8c84fa94-04c1-424b-9868-57a2d4851a1d" relativeResultsDirectory="70a89d9a-5789-439c-a81a-ebfa9529a0ff">
    </UnitTestResult>
    <UnitTestResult executionId="95318e07-6d9b-475f-8380-9a7d94d98ac3" testId="f0936119-968f-f4d0-680f-3a810a2a1183" testName="listarProduccionPorArticuloTest" computerName="DIEGO-PC" testType="13cdc9d9-ddb5-4fa4-a97d-d965ccfc6d4b" outcome="NotExecuted" testListId="8c84fa94-04c1-424b-9868-57a2d4851a1d" relativeResultsDirectory="95318e07-6d9b-475f-8380-9a7d94d98ac3">
    </UnitTestResult>
    <UnitTestResult executionId="2504161e-bd98-4fd5-be66-66cb5ecf472e" testId="f376c1cb-6c7e-6565-2dae-0872021038a2" testName="cargarNewsletterTest" computerName="DIEGO-PC" testType="13cdc9d9-ddb5-4fa4-a97d-d965ccfc6d4b" outcome="NotExecuted" testListId="8c84fa94-04c1-424b-9868-57a2d4851a1d" relativeResultsDirectory="2504161e-bd98-4fd5-be66-66cb5ecf472e">
    </UnitTestResult>
    <UnitTestResult executionId="458659a9-9ef5-43bc-8a8d-ca873eb81635" testId="f384b49a-3778-3092-73a3-70a68b63c811" testName="buscarEstadosPorIdTest" computerName="DIEGO-PC" testType="13cdc9d9-ddb5-4fa4-a97d-d965ccfc6d4b" outcome="NotExecuted" testListId="8c84fa94-04c1-424b-9868-57a2d4851a1d" relativeResultsDirectory="458659a9-9ef5-43bc-8a8d-ca873eb81635">
    </UnitTestResult>
    <UnitTestResult executionId="697a9d88-7fcb-4c9f-9ace-7614f39e83cf" testId="f50b51cf-39fa-28c4-720a-03db16299af8" testName="listarInsumosTest" computerName="DIEGO-PC" testType="13cdc9d9-ddb5-4fa4-a97d-d965ccfc6d4b" outcome="NotExecuted" testListId="8c84fa94-04c1-424b-9868-57a2d4851a1d" relativeResultsDirectory="697a9d88-7fcb-4c9f-9ace-7614f39e83cf">
    </UnitTestResult>
    <UnitTestResult executionId="cd46cc98-0039-40a6-aedd-39a84aba1c75" testId="f537791f-903e-76d6-5080-80a4dc15bac2" testName="buscarPorDescripcionTest" computerName="DIEGO-PC" testType="13cdc9d9-ddb5-4fa4-a97d-d965ccfc6d4b" outcome="NotExecuted" testListId="8c84fa94-04c1-424b-9868-57a2d4851a1d" relativeResultsDirectory="cd46cc98-0039-40a6-aedd-39a84aba1c75">
    </UnitTestResult>
    <UnitTestResult executionId="f3de3918-f7a0-4d1d-9de9-3e53f5664ce5" testId="f55d90a1-1701-8dfe-c19c-fedfde1208d9" testName="listarArticulosPorDiseñoTest" computerName="DIEGO-PC" testType="13cdc9d9-ddb5-4fa4-a97d-d965ccfc6d4b" outcome="NotExecuted" testListId="8c84fa94-04c1-424b-9868-57a2d4851a1d" relativeResultsDirectory="f3de3918-f7a0-4d1d-9de9-3e53f5664ce5">
    </UnitTestResult>
    <UnitTestResult executionId="a8b59de6-5426-4bf7-91f1-6f2d02da1fda" testId="f58b52d0-5450-8dbe-40cd-ee9f7307e372" testName="grabarPedidoTest" computerName="DIEGO-PC" testType="13cdc9d9-ddb5-4fa4-a97d-d965ccfc6d4b" outcome="NotExecuted" testListId="8c84fa94-04c1-424b-9868-57a2d4851a1d" relativeResultsDirectory="a8b59de6-5426-4bf7-91f1-6f2d02da1fda">
    </UnitTestResult>
    <UnitTestResult executionId="d2cebf25-30a0-427d-97d5-845dcbac1bfc" testId="f6ab254b-b89e-8f66-b003-59dd11d22e62" testName="buscarTipoPedidosTest" computerName="DIEGO-PC" testType="13cdc9d9-ddb5-4fa4-a97d-d965ccfc6d4b" outcome="NotExecuted" testListId="8c84fa94-04c1-424b-9868-57a2d4851a1d" relativeResultsDirectory="d2cebf25-30a0-427d-97d5-845dcbac1bfc">
    </UnitTestResult>
    <UnitTestResult executionId="6a35818d-5283-4117-9a1f-aebd093cc294" testId="f6c04c30-f707-2281-f731-8598fcdc8f9b" testName="actualizarNewsletterTest" computerName="DIEGO-PC" testType="13cdc9d9-ddb5-4fa4-a97d-d965ccfc6d4b" outcome="NotExecuted" testListId="8c84fa94-04c1-424b-9868-57a2d4851a1d" relativeResultsDirectory="6a35818d-5283-4117-9a1f-aebd093cc294">
    </UnitTestResult>
    <UnitTestResult executionId="fc57f67b-636b-422f-ae7b-3fbcad10627b" testId="f781ffff-ff93-71bc-5f5f-c8442c8a1cc0" testName="grabarMovimientosClienteTest" computerName="DIEGO-PC" testType="13cdc9d9-ddb5-4fa4-a97d-d965ccfc6d4b" outcome="NotExecuted" testListId="8c84fa94-04c1-424b-9868-57a2d4851a1d" relativeResultsDirectory="fc57f67b-636b-422f-ae7b-3fbcad10627b">
    </UnitTestResult>
    <UnitTestResult executionId="db570560-2f87-4b1a-b86b-d6d9a46c4dd1" testId="f8f00cb1-b7c7-8a4f-6936-45675a68da47" testName="guardarArticuloTest" computerName="DIEGO-PC" testType="13cdc9d9-ddb5-4fa4-a97d-d965ccfc6d4b" outcome="NotExecuted" testListId="8c84fa94-04c1-424b-9868-57a2d4851a1d" relativeResultsDirectory="db570560-2f87-4b1a-b86b-d6d9a46c4dd1">
    </UnitTestResult>
    <UnitTestResult executionId="7c21f31a-d134-42ac-9720-5becc8fc7031" testId="f90684a7-a79c-7fc4-62c1-2b02b1a46484" testName="buscarDiseñoPorIdTest" computerName="DIEGO-PC" testType="13cdc9d9-ddb5-4fa4-a97d-d965ccfc6d4b" outcome="NotExecuted" testListId="8c84fa94-04c1-424b-9868-57a2d4851a1d" relativeResultsDirectory="7c21f31a-d134-42ac-9720-5becc8fc7031">
    </UnitTestResult>
    <UnitTestResult executionId="3def6bd5-ab63-4066-b7e4-be331ad2a499" testId="f90c4160-5714-951f-7521-1af6d342eb17" testName="calcularTimepoTrabajoTest" computerName="DIEGO-PC" testType="13cdc9d9-ddb5-4fa4-a97d-d965ccfc6d4b" outcome="NotExecuted" testListId="8c84fa94-04c1-424b-9868-57a2d4851a1d" relativeResultsDirectory="3def6bd5-ab63-4066-b7e4-be331ad2a499">
    </UnitTestResult>
    <UnitTestResult executionId="9dcf206d-4cf9-4a5d-9f40-32363aebe791" testId="fb8dd2a9-a240-beb6-bd3d-66e4ba26b2aa" testName="cargarMaquinasAptasTest" computerName="DIEGO-PC" testType="13cdc9d9-ddb5-4fa4-a97d-d965ccfc6d4b" outcome="NotExecuted" testListId="8c84fa94-04c1-424b-9868-57a2d4851a1d" relativeResultsDirectory="9dcf206d-4cf9-4a5d-9f40-32363aebe791">
    </UnitTestResult>
    <UnitTestResult executionId="e532da0d-7d67-4a10-b24b-d2c57443609f" testId="fc8d00d7-7a7a-f0f3-a11d-98015016e42e" testName="borrarHistoricoEstadosTest" computerName="DIEGO-PC" testType="13cdc9d9-ddb5-4fa4-a97d-d965ccfc6d4b" outcome="NotExecuted" testListId="8c84fa94-04c1-424b-9868-57a2d4851a1d" relativeResultsDirectory="e532da0d-7d67-4a10-b24b-d2c57443609f">
    </UnitTestResult>
    <UnitTestResult executionId="ec43139b-cc75-47b6-ad57-761288a77f6a" testId="fc8e027e-d84b-5121-34bf-469313af48e4" testName="cargarMensajePorConversacionTest" computerName="DIEGO-PC" testType="13cdc9d9-ddb5-4fa4-a97d-d965ccfc6d4b" outcome="NotExecuted" testListId="8c84fa94-04c1-424b-9868-57a2d4851a1d" relativeResultsDirectory="ec43139b-cc75-47b6-ad57-761288a77f6a">
    </UnitTestResult>
    <UnitTestResult executionId="094ffc52-ce46-4566-a9a1-b1291764d288" testId="fdbcf997-f735-49dd-2d86-a367fe3813bc" testName="grabarTest" computerName="DIEGO-PC" testType="13cdc9d9-ddb5-4fa4-a97d-d965ccfc6d4b" outcome="NotExecuted" testListId="8c84fa94-04c1-424b-9868-57a2d4851a1d" relativeResultsDirectory="094ffc52-ce46-4566-a9a1-b1291764d288">
    </UnitTestResult>
    <UnitTestResult executionId="5c989c8b-fa22-4f29-8472-7d9a5b0b9da7" testId="fe73d6a0-344d-935f-fa47-83db37554a24" testName="listaPatentesTest" computerName="DIEGO-PC" testType="13cdc9d9-ddb5-4fa4-a97d-d965ccfc6d4b" outcome="NotExecuted" testListId="8c84fa94-04c1-424b-9868-57a2d4851a1d" relativeResultsDirectory="5c989c8b-fa22-4f29-8472-7d9a5b0b9da7">
    </UnitTestResult>
    <UnitTestResult executionId="cfbe95f7-abfe-4b3f-9b71-4c24ddf123e4" testId="fe850dae-beb0-69bb-1831-4463cca49bfb" testName="grabarOpinionTest" computerName="DIEGO-PC" testType="13cdc9d9-ddb5-4fa4-a97d-d965ccfc6d4b" outcome="NotExecuted" testListId="8c84fa94-04c1-424b-9868-57a2d4851a1d" relativeResultsDirectory="cfbe95f7-abfe-4b3f-9b71-4c24ddf123e4">
    </UnitTestResult>
    <UnitTestResult executionId="b4f5a9d2-097d-4a34-9096-541f49c7abd6" testId="fed9e610-805c-d98a-9231-d2a52d8e3441" testName="modificarMaquinaTest" computerName="DIEGO-PC" testType="13cdc9d9-ddb5-4fa4-a97d-d965ccfc6d4b" outcome="NotExecuted" testListId="8c84fa94-04c1-424b-9868-57a2d4851a1d" relativeResultsDirectory="b4f5a9d2-097d-4a34-9096-541f49c7abd6">
    </UnitTestResult>
  </Results>
</TestRun>